2023-04-23 22:52:25,949:DEBUG:Starting new HTTPS connection (1): registers.esma.europa.eu:443
2023-04-23 22:52:26,889:DEBUG:https://registers.esma.europa.eu:443 "GET /solr/esma_registers_firds_files/select?q=*&fq=publication_date:%5B2021-01-17T00:00:00Z+TO+2021-01-19T23:59:59Z%5D&wt=xml&indent=true&start=0&rows=100 HTTP/1.1" 200 None
2023-04-23 22:52:26,927:INFO:XML file downloaded successfully.
2023-04-23 22:52:26,955:INFO:Download link found successfully.
2023-04-23 22:52:26,976:DEBUG:Starting new HTTP connection (1): firds.esma.europa.eu:80
2023-04-23 22:52:27,169:DEBUG:http://firds.esma.europa.eu:80 "GET /firds/DLTINS_20210117_01of01.zip HTTP/1.1" 200 4434514
2023-04-23 22:52:47,741:INFO:Download and extraction successful.
2023-04-23 22:53:14,069:INFO:Data extraction successful.
2023-04-23 22:53:14,070:INFO:Starting the code to write data to output.csv file
2023-04-23 22:53:15,063:INFO:Data written to output.csv file successfully
2023-04-23 22:53:15,064:INFO:Starting the code to upload output.csv file to S3 bucket
2023-04-23 22:53:15,067:DEBUG:Changing event name from creating-client-class.iot-data to creating-client-class.iot-data-plane
2023-04-23 22:53:15,073:DEBUG:Changing event name from before-call.apigateway to before-call.api-gateway
2023-04-23 22:53:15,075:DEBUG:Changing event name from request-created.machinelearning.Predict to request-created.machine-learning.Predict
2023-04-23 22:53:15,079:DEBUG:Changing event name from before-parameter-build.autoscaling.CreateLaunchConfiguration to before-parameter-build.auto-scaling.CreateLaunchConfiguration
2023-04-23 22:53:15,080:DEBUG:Changing event name from before-parameter-build.route53 to before-parameter-build.route-53
2023-04-23 22:53:15,082:DEBUG:Changing event name from request-created.cloudsearchdomain.Search to request-created.cloudsearch-domain.Search
2023-04-23 22:53:15,085:DEBUG:Changing event name from docs.*.autoscaling.CreateLaunchConfiguration.complete-section to docs.*.auto-scaling.CreateLaunchConfiguration.complete-section
2023-04-23 22:53:15,093:DEBUG:Changing event name from before-parameter-build.logs.CreateExportTask to before-parameter-build.cloudwatch-logs.CreateExportTask
2023-04-23 22:53:15,094:DEBUG:Changing event name from docs.*.logs.CreateExportTask.complete-section to docs.*.cloudwatch-logs.CreateExportTask.complete-section
2023-04-23 22:53:15,094:DEBUG:Changing event name from before-parameter-build.cloudsearchdomain.Search to before-parameter-build.cloudsearch-domain.Search
2023-04-23 22:53:15,094:DEBUG:Changing event name from docs.*.cloudsearchdomain.Search.complete-section to docs.*.cloudsearch-domain.Search.complete-section
2023-04-23 22:53:15,316:DEBUG:Loading JSON file: C:\Users\DELL\anaconda3\lib\site-packages\boto3\data\s3\2006-03-01\resources-1.json
2023-04-23 22:53:15,332:DEBUG:Loading JSON file: C:\Users\DELL\anaconda3\lib\site-packages\botocore\data\endpoints.json
2023-04-23 22:53:15,359:DEBUG:Loading JSON file: C:\Users\DELL\anaconda3\lib\site-packages\botocore\data\sdk-default-configuration.json
2023-04-23 22:53:15,400:DEBUG:Event choose-service-name: calling handler <function handle_service_name_alias at 0x0000025C1C44AAF0>
2023-04-23 22:53:15,576:DEBUG:Loading JSON file: C:\Users\DELL\anaconda3\lib\site-packages\botocore\data\s3\2006-03-01\service-2.json
2023-04-23 22:53:15,818:DEBUG:Loading JSON file: C:\Users\DELL\anaconda3\lib\site-packages\botocore\data\s3\2006-03-01\endpoint-rule-set-1.json.gz
2023-04-23 22:53:15,833:DEBUG:Loading JSON file: C:\Users\DELL\anaconda3\lib\site-packages\botocore\data\partitions.json
2023-04-23 22:53:15,838:DEBUG:Event creating-client-class.s3: calling handler <function add_generate_presigned_post at 0x0000025C1C259430>
2023-04-23 22:53:15,838:DEBUG:Event creating-client-class.s3: calling handler <function lazy_call.<locals>._handler at 0x0000025C36C488B0>
2023-04-23 22:53:16,050:DEBUG:Event creating-client-class.s3: calling handler <function add_generate_presigned_url at 0x0000025C1C2591F0>
2023-04-23 22:53:16,069:DEBUG:Setting s3 timeout as (60, 60)
2023-04-23 22:53:16,114:DEBUG:Loading JSON file: C:\Users\DELL\anaconda3\lib\site-packages\botocore\data\_retry.json
2023-04-23 22:53:16,118:DEBUG:Registering retry handlers for service: s3
2023-04-23 22:53:16,120:DEBUG:Registering S3 region redirector handler
2023-04-23 22:53:16,123:DEBUG:Loading s3:s3
2023-04-23 22:53:16,136:DEBUG:Loading s3:Bucket
2023-04-23 22:53:16,138:DEBUG:Renaming Bucket attribute name
2023-04-23 22:53:16,147:DEBUG:Event creating-resource-class.s3.Bucket: calling handler <function lazy_call.<locals>._handler at 0x0000025C36C48700>
2023-04-23 22:53:16,150:DEBUG:Acquiring 0
2023-04-23 22:53:16,155:DEBUG:UploadSubmissionTask(transfer_id=0, {'transfer_future': <s3transfer.futures.TransferFuture object at 0x0000025C37E68550>}) about to wait for the following futures []
2023-04-23 22:53:16,156:DEBUG:UploadSubmissionTask(transfer_id=0, {'transfer_future': <s3transfer.futures.TransferFuture object at 0x0000025C37E68550>}) done waiting for dependent futures
2023-04-23 22:53:16,156:DEBUG:Executing task UploadSubmissionTask(transfer_id=0, {'transfer_future': <s3transfer.futures.TransferFuture object at 0x0000025C37E68550>}) with kwargs {'client': <botocore.client.S3 object at 0x0000025C37CB4820>, 'config': <boto3.s3.transfer.TransferConfig object at 0x0000025C37E52C10>, 'osutil': <s3transfer.utils.OSUtils object at 0x0000025C37E64610>, 'request_executor': <s3transfer.futures.BoundedExecutor object at 0x0000025C37E64850>, 'transfer_future': <s3transfer.futures.TransferFuture object at 0x0000025C37E68550>}
2023-04-23 22:53:16,158:DEBUG:Submitting task CreateMultipartUploadTask(transfer_id=0, {'bucket': 'brajeshwar12018241', 'key': 'SteelEye_assignment.csv', 'extra_args': {}}) to executor <s3transfer.futures.BoundedExecutor object at 0x0000025C37E64850> for transfer request: 0.
2023-04-23 22:53:16,159:DEBUG:Acquiring 0
2023-04-23 22:53:16,161:DEBUG:CreateMultipartUploadTask(transfer_id=0, {'bucket': 'brajeshwar12018241', 'key': 'SteelEye_assignment.csv', 'extra_args': {}}) about to wait for the following futures []
2023-04-23 22:53:16,162:DEBUG:Submitting task UploadPartTask(transfer_id=0, {'bucket': 'brajeshwar12018241', 'key': 'SteelEye_assignment.csv', 'part_number': 1, 'extra_args': {}}) to executor <s3transfer.futures.BoundedExecutor object at 0x0000025C37E64850> for transfer request: 0.
2023-04-23 22:53:16,162:DEBUG:CreateMultipartUploadTask(transfer_id=0, {'bucket': 'brajeshwar12018241', 'key': 'SteelEye_assignment.csv', 'extra_args': {}}) done waiting for dependent futures
2023-04-23 22:53:16,163:DEBUG:Acquiring 0
2023-04-23 22:53:16,164:DEBUG:Executing task CreateMultipartUploadTask(transfer_id=0, {'bucket': 'brajeshwar12018241', 'key': 'SteelEye_assignment.csv', 'extra_args': {}}) with kwargs {'client': <botocore.client.S3 object at 0x0000025C37CB4820>, 'bucket': 'brajeshwar12018241', 'key': 'SteelEye_assignment.csv', 'extra_args': {}}
2023-04-23 22:53:16,166:DEBUG:UploadPartTask(transfer_id=0, {'bucket': 'brajeshwar12018241', 'key': 'SteelEye_assignment.csv', 'part_number': 1, 'extra_args': {}}) about to wait for the following futures [<s3transfer.futures.ExecutorFuture object at 0x0000025C37E68EE0>]
2023-04-23 22:53:16,166:DEBUG:Event before-endpoint-resolution.s3: calling handler <function customize_endpoint_resolver_builtins at 0x0000025C1C4665E0>
2023-04-23 22:53:16,167:DEBUG:Submitting task UploadPartTask(transfer_id=0, {'bucket': 'brajeshwar12018241', 'key': 'SteelEye_assignment.csv', 'part_number': 2, 'extra_args': {}}) to executor <s3transfer.futures.BoundedExecutor object at 0x0000025C37E64850> for transfer request: 0.
2023-04-23 22:53:16,167:DEBUG:UploadPartTask(transfer_id=0, {'bucket': 'brajeshwar12018241', 'key': 'SteelEye_assignment.csv', 'part_number': 1, 'extra_args': {}}) about to wait for <s3transfer.futures.ExecutorFuture object at 0x0000025C37E68EE0>
2023-04-23 22:53:16,168:DEBUG:Event before-endpoint-resolution.s3: calling handler <bound method S3RegionRedirectorv2.redirect_from_cache of <botocore.utils.S3RegionRedirectorv2 object at 0x0000025C37E47400>>
2023-04-23 22:53:16,169:DEBUG:Acquiring 0
2023-04-23 22:53:16,172:DEBUG:Calling endpoint provider with parameters: {'Bucket': 'brajeshwar12018241', 'Region': 'ap-southeast-2', 'UseFIPS': False, 'UseDualStack': False, 'ForcePathStyle': False, 'Accelerate': False, 'UseGlobalEndpoint': False, 'DisableMultiRegionAccessPoints': False, 'UseArnRegion': True}
2023-04-23 22:53:16,181:DEBUG:Endpoint provider result: https://brajeshwar12018241.s3.ap-southeast-2.amazonaws.com
2023-04-23 22:53:16,181:DEBUG:UploadPartTask(transfer_id=0, {'bucket': 'brajeshwar12018241', 'key': 'SteelEye_assignment.csv', 'part_number': 2, 'extra_args': {}}) about to wait for the following futures [<s3transfer.futures.ExecutorFuture object at 0x0000025C37E68EE0>]
2023-04-23 22:53:16,182:DEBUG:Selecting from endpoint provider's list of auth schemes: "sigv4". User selected auth scheme is: "None"
2023-04-23 22:53:16,182:DEBUG:Submitting task CompleteMultipartUploadTask(transfer_id=0, {'bucket': 'brajeshwar12018241', 'key': 'SteelEye_assignment.csv', 'extra_args': {}}) to executor <s3transfer.futures.BoundedExecutor object at 0x0000025C37E64850> for transfer request: 0.
2023-04-23 22:53:16,183:DEBUG:UploadPartTask(transfer_id=0, {'bucket': 'brajeshwar12018241', 'key': 'SteelEye_assignment.csv', 'part_number': 2, 'extra_args': {}}) about to wait for <s3transfer.futures.ExecutorFuture object at 0x0000025C37E68EE0>
2023-04-23 22:53:16,183:DEBUG:Selected auth type "v4" as "v4" with signing context params: {'region': 'ap-southeast-2', 'signing_name': 's3', 'disableDoubleEncoding': True}
2023-04-23 22:53:16,184:DEBUG:Acquiring 0
2023-04-23 22:53:16,186:DEBUG:Event before-parameter-build.s3.CreateMultipartUpload: calling handler <function validate_ascii_metadata at 0x0000025C1C464280>
2023-04-23 22:53:16,188:DEBUG:CompleteMultipartUploadTask(transfer_id=0, {'bucket': 'brajeshwar12018241', 'key': 'SteelEye_assignment.csv', 'extra_args': {}}) about to wait for the following futures [<s3transfer.futures.ExecutorFuture object at 0x0000025C37E68EE0>, <s3transfer.futures.ExecutorFuture object at 0x0000025C37E796A0>, <s3transfer.futures.ExecutorFuture object at 0x0000025C37E87490>]
2023-04-23 22:53:16,188:DEBUG:Event before-parameter-build.s3.CreateMultipartUpload: calling handler <function sse_md5 at 0x0000025C1C462670>
2023-04-23 22:53:16,191:DEBUG:Event before-parameter-build.s3.CreateMultipartUpload: calling handler <function validate_bucket_name at 0x0000025C1C4625E0>
2023-04-23 22:53:16,190:DEBUG:CompleteMultipartUploadTask(transfer_id=0, {'bucket': 'brajeshwar12018241', 'key': 'SteelEye_assignment.csv', 'extra_args': {}}) about to wait for <s3transfer.futures.ExecutorFuture object at 0x0000025C37E68EE0>
2023-04-23 22:53:16,188:DEBUG:Releasing acquire 0/None
2023-04-23 22:53:16,191:DEBUG:Event before-parameter-build.s3.CreateMultipartUpload: calling handler <function remove_bucket_from_url_paths_from_model at 0x0000025C1C466430>
2023-04-23 22:53:16,193:DEBUG:Event before-parameter-build.s3.CreateMultipartUpload: calling handler <bound method S3RegionRedirectorv2.annotate_request_context of <botocore.utils.S3RegionRedirectorv2 object at 0x0000025C37E47400>>
2023-04-23 22:53:16,194:DEBUG:Event before-parameter-build.s3.CreateMultipartUpload: calling handler <function generate_idempotent_uuid at 0x0000025C1C462430>
2023-04-23 22:53:16,197:DEBUG:Event before-call.s3.CreateMultipartUpload: calling handler <function add_expect_header at 0x0000025C1C462940>
2023-04-23 22:53:16,198:DEBUG:Event before-call.s3.CreateMultipartUpload: calling handler <function add_recursion_detection_header at 0x0000025C1C4620D0>
2023-04-23 22:53:16,199:DEBUG:Event before-call.s3.CreateMultipartUpload: calling handler <function inject_api_version_header_if_needed at 0x0000025C1C464CA0>
2023-04-23 22:53:16,199:DEBUG:Making request for OperationModel(name=CreateMultipartUpload) with params: {'url_path': '/SteelEye_assignment.csv?uploads', 'query_string': {}, 'method': 'POST', 'headers': {'User-Agent': 'Boto3/1.26.114 Python/3.9.7 Windows/10 Botocore/1.29.114 Resource'}, 'body': b'', 'auth_path': '/brajeshwar12018241/SteelEye_assignment.csv?uploads', 'url': 'https://brajeshwar12018241.s3.ap-southeast-2.amazonaws.com/SteelEye_assignment.csv?uploads', 'context': {'client_region': 'ap-southeast-2', 'client_config': <botocore.config.Config object at 0x0000025C37CB47C0>, 'has_streaming_input': False, 'auth_type': 'v4', 'signing': {'region': 'ap-southeast-2', 'signing_name': 's3', 'disableDoubleEncoding': True}, 's3_redirect': {'redirected': False, 'bucket': 'brajeshwar12018241', 'params': {'Bucket': 'brajeshwar12018241', 'Key': 'SteelEye_assignment.csv'}}}}
2023-04-23 22:53:16,203:DEBUG:Event request-created.s3.CreateMultipartUpload: calling handler <function signal_not_transferring at 0x0000025C37D9BAF0>
2023-04-23 22:53:16,203:DEBUG:Event request-created.s3.CreateMultipartUpload: calling handler <bound method RequestSigner.handler of <botocore.signers.RequestSigner object at 0x0000025C37CB47F0>>
2023-04-23 22:53:16,205:DEBUG:Event choose-signer.s3.CreateMultipartUpload: calling handler <bound method ClientCreator._default_s3_presign_to_sigv2 of <botocore.client.ClientCreator object at 0x0000025C373D7D30>>
2023-04-23 22:53:16,206:DEBUG:Event choose-signer.s3.CreateMultipartUpload: calling handler <function set_operation_specific_signer at 0x0000025C1C462310>
2023-04-23 22:53:16,208:DEBUG:Event before-sign.s3.CreateMultipartUpload: calling handler <function remove_arn_from_signing_path at 0x0000025C1C466550>
2023-04-23 22:53:16,211:DEBUG:Calculating signature using v4 auth.
2023-04-23 22:53:16,211:DEBUG:CanonicalRequest:
POST
/SteelEye_assignment.csv
uploads=
host:brajeshwar12018241.s3.ap-southeast-2.amazonaws.com
x-amz-content-sha256:e3b0c44298fc1c149afbf4c8996fb92427ae41e4649b934ca495991b7852b855
x-amz-date:20230423T172316Z

host;x-amz-content-sha256;x-amz-date
e3b0c44298fc1c149afbf4c8996fb92427ae41e4649b934ca495991b7852b855
2023-04-23 22:53:16,213:DEBUG:StringToSign:
AWS4-HMAC-SHA256
20230423T172316Z
20230423/ap-southeast-2/s3/aws4_request
4a7b340ea82bd8cac12a0b28b3e3b7414916e5bf347459b277184da98a1c1887
2023-04-23 22:53:16,215:DEBUG:Signature:
b2a4dd66a10a0bdf27e1da79c586e0aa7142c09894ab7ec40d2d4d742f996d60
2023-04-23 22:53:16,216:DEBUG:Event request-created.s3.CreateMultipartUpload: calling handler <function signal_transferring at 0x0000025C37D9BB80>
2023-04-23 22:53:16,217:DEBUG:Event request-created.s3.CreateMultipartUpload: calling handler <function add_retry_headers at 0x0000025C1C4663A0>
2023-04-23 22:53:16,218:DEBUG:Sending http request: <AWSPreparedRequest stream_output=False, method=POST, url=https://brajeshwar12018241.s3.ap-southeast-2.amazonaws.com/SteelEye_assignment.csv?uploads, headers={'User-Agent': b'Boto3/1.26.114 Python/3.9.7 Windows/10 Botocore/1.29.114 Resource', 'X-Amz-Date': b'20230423T172316Z', 'X-Amz-Content-SHA256': b'e3b0c44298fc1c149afbf4c8996fb92427ae41e4649b934ca495991b7852b855', 'Authorization': b'AWS4-HMAC-SHA256 Credential=AKIAQLH6MERZETYDJ5ED/20230423/ap-southeast-2/s3/aws4_request, SignedHeaders=host;x-amz-content-sha256;x-amz-date, Signature=b2a4dd66a10a0bdf27e1da79c586e0aa7142c09894ab7ec40d2d4d742f996d60', 'amz-sdk-invocation-id': b'65198590-bc13-45e8-a093-43b2daae4c73', 'amz-sdk-request': b'attempt=1', 'Content-Length': '0'}>
2023-04-23 22:53:16,222:DEBUG:Certificate path: C:\Users\DELL\anaconda3\lib\site-packages\certifi\cacert.pem
2023-04-23 22:53:16,225:DEBUG:Starting new HTTPS connection (1): brajeshwar12018241.s3.ap-southeast-2.amazonaws.com:443
2023-04-23 22:53:17,883:DEBUG:https://brajeshwar12018241.s3.ap-southeast-2.amazonaws.com:443 "POST /SteelEye_assignment.csv?uploads HTTP/1.1" 200 None
2023-04-23 22:53:17,886:DEBUG:Response headers: {'x-amz-id-2': 'f+N7Mkz2bcOC7G0eyaQX182m0LKSVZxQeq1LULwFp00mLDWgwV3OrLQxmQ5hxfCT/a3hEs3Vw8HiciVZ2Blmmw==', 'x-amz-request-id': 'EDJSH47PFV07C64E', 'Date': 'Sun, 23 Apr 2023 17:23:18 GMT', 'x-amz-server-side-encryption': 'AES256', 'Transfer-Encoding': 'chunked', 'Server': 'AmazonS3'}
2023-04-23 22:53:17,886:DEBUG:Response body:
b'<?xml version="1.0" encoding="UTF-8"?>\n<InitiateMultipartUploadResult xmlns="http://s3.amazonaws.com/doc/2006-03-01/"><Bucket>brajeshwar12018241</Bucket><Key>SteelEye_assignment.csv</Key><UploadId>odOEGLtslnvfyjDX2TKiUk51jsvysm.Y4m9eEASHtZ7qe3l6kpSHWdUsxizFyKVSUIZt8XMmpI67gjXT3SRZshxNoRwnzBkLk7.5SMRG9wI-</UploadId></InitiateMultipartUploadResult>'
2023-04-23 22:53:17,889:DEBUG:Event needs-retry.s3.CreateMultipartUpload: calling handler <botocore.retryhandler.RetryHandler object at 0x0000025C37E47340>
2023-04-23 22:53:17,890:DEBUG:No retry needed.
2023-04-23 22:53:17,890:DEBUG:Event needs-retry.s3.CreateMultipartUpload: calling handler <bound method S3RegionRedirectorv2.redirect_from_error of <botocore.utils.S3RegionRedirectorv2 object at 0x0000025C37E47400>>
2023-04-23 22:53:17,891:DEBUG:Releasing acquire 0/None
2023-04-23 22:53:17,893:DEBUG:CompleteMultipartUploadTask(transfer_id=0, {'bucket': 'brajeshwar12018241', 'key': 'SteelEye_assignment.csv', 'extra_args': {}}) about to wait for <s3transfer.futures.ExecutorFuture object at 0x0000025C37E796A0>
2023-04-23 22:53:17,893:DEBUG:UploadPartTask(transfer_id=0, {'bucket': 'brajeshwar12018241', 'key': 'SteelEye_assignment.csv', 'part_number': 2, 'extra_args': {}}) done waiting for dependent futures
2023-04-23 22:53:17,894:DEBUG:UploadPartTask(transfer_id=0, {'bucket': 'brajeshwar12018241', 'key': 'SteelEye_assignment.csv', 'part_number': 1, 'extra_args': {}}) done waiting for dependent futures
2023-04-23 22:53:17,895:DEBUG:Executing task UploadPartTask(transfer_id=0, {'bucket': 'brajeshwar12018241', 'key': 'SteelEye_assignment.csv', 'part_number': 2, 'extra_args': {}}) with kwargs {'client': <botocore.client.S3 object at 0x0000025C37CB4820>, 'fileobj': <s3transfer.utils.ReadFileChunk object at 0x0000025C37E79A30>, 'bucket': 'brajeshwar12018241', 'key': 'SteelEye_assignment.csv', 'part_number': 2, 'extra_args': {}, 'upload_id': 'odOEGLtslnvfyjDX2TKiUk51jsvysm.Y4m9eEASHtZ7qe3l6kpSHWdUsxizFyKVSUIZt8XMmpI67gjXT3SRZshxNoRwnzBkLk7.5SMRG9wI-'}
2023-04-23 22:53:17,896:DEBUG:Executing task UploadPartTask(transfer_id=0, {'bucket': 'brajeshwar12018241', 'key': 'SteelEye_assignment.csv', 'part_number': 1, 'extra_args': {}}) with kwargs {'client': <botocore.client.S3 object at 0x0000025C37CB4820>, 'fileobj': <s3transfer.utils.ReadFileChunk object at 0x0000025C37E79250>, 'bucket': 'brajeshwar12018241', 'key': 'SteelEye_assignment.csv', 'part_number': 1, 'extra_args': {}, 'upload_id': 'odOEGLtslnvfyjDX2TKiUk51jsvysm.Y4m9eEASHtZ7qe3l6kpSHWdUsxizFyKVSUIZt8XMmpI67gjXT3SRZshxNoRwnzBkLk7.5SMRG9wI-'}
2023-04-23 22:53:17,897:DEBUG:Event before-endpoint-resolution.s3: calling handler <function customize_endpoint_resolver_builtins at 0x0000025C1C4665E0>
2023-04-23 22:53:17,898:DEBUG:Event before-endpoint-resolution.s3: calling handler <function customize_endpoint_resolver_builtins at 0x0000025C1C4665E0>
2023-04-23 22:53:17,899:DEBUG:Event before-endpoint-resolution.s3: calling handler <bound method S3RegionRedirectorv2.redirect_from_cache of <botocore.utils.S3RegionRedirectorv2 object at 0x0000025C37E47400>>
2023-04-23 22:53:17,899:DEBUG:Event before-endpoint-resolution.s3: calling handler <bound method S3RegionRedirectorv2.redirect_from_cache of <botocore.utils.S3RegionRedirectorv2 object at 0x0000025C37E47400>>
2023-04-23 22:53:17,901:DEBUG:Calling endpoint provider with parameters: {'Bucket': 'brajeshwar12018241', 'Region': 'ap-southeast-2', 'UseFIPS': False, 'UseDualStack': False, 'ForcePathStyle': False, 'Accelerate': False, 'UseGlobalEndpoint': False, 'DisableMultiRegionAccessPoints': False, 'UseArnRegion': True}
2023-04-23 22:53:17,901:DEBUG:Calling endpoint provider with parameters: {'Bucket': 'brajeshwar12018241', 'Region': 'ap-southeast-2', 'UseFIPS': False, 'UseDualStack': False, 'ForcePathStyle': False, 'Accelerate': False, 'UseGlobalEndpoint': False, 'DisableMultiRegionAccessPoints': False, 'UseArnRegion': True}
2023-04-23 22:53:17,902:DEBUG:Endpoint provider result: https://brajeshwar12018241.s3.ap-southeast-2.amazonaws.com
2023-04-23 22:53:17,903:DEBUG:Endpoint provider result: https://brajeshwar12018241.s3.ap-southeast-2.amazonaws.com
2023-04-23 22:53:17,903:DEBUG:Selecting from endpoint provider's list of auth schemes: "sigv4". User selected auth scheme is: "None"
2023-04-23 22:53:17,904:DEBUG:Selecting from endpoint provider's list of auth schemes: "sigv4". User selected auth scheme is: "None"
2023-04-23 22:53:17,904:DEBUG:Selected auth type "v4" as "v4" with signing context params: {'region': 'ap-southeast-2', 'signing_name': 's3', 'disableDoubleEncoding': True}
2023-04-23 22:53:17,906:DEBUG:Selected auth type "v4" as "v4" with signing context params: {'region': 'ap-southeast-2', 'signing_name': 's3', 'disableDoubleEncoding': True}
2023-04-23 22:53:17,907:DEBUG:Event before-parameter-build.s3.UploadPart: calling handler <function sse_md5 at 0x0000025C1C462670>
2023-04-23 22:53:17,908:DEBUG:Event before-parameter-build.s3.UploadPart: calling handler <function sse_md5 at 0x0000025C1C462670>
2023-04-23 22:53:17,908:DEBUG:Event before-parameter-build.s3.UploadPart: calling handler <function convert_body_to_file_like_object at 0x0000025C1C464B80>
2023-04-23 22:53:17,909:DEBUG:Event before-parameter-build.s3.UploadPart: calling handler <function convert_body_to_file_like_object at 0x0000025C1C464B80>
2023-04-23 22:53:17,909:DEBUG:Event before-parameter-build.s3.UploadPart: calling handler <function validate_bucket_name at 0x0000025C1C4625E0>
2023-04-23 22:53:17,910:DEBUG:Event before-parameter-build.s3.UploadPart: calling handler <function validate_bucket_name at 0x0000025C1C4625E0>
2023-04-23 22:53:17,910:DEBUG:Event before-parameter-build.s3.UploadPart: calling handler <function remove_bucket_from_url_paths_from_model at 0x0000025C1C466430>
2023-04-23 22:53:17,911:DEBUG:Event before-parameter-build.s3.UploadPart: calling handler <function remove_bucket_from_url_paths_from_model at 0x0000025C1C466430>
2023-04-23 22:53:17,911:DEBUG:Event before-parameter-build.s3.UploadPart: calling handler <bound method S3RegionRedirectorv2.annotate_request_context of <botocore.utils.S3RegionRedirectorv2 object at 0x0000025C37E47400>>
2023-04-23 22:53:17,912:DEBUG:Event before-parameter-build.s3.UploadPart: calling handler <bound method S3RegionRedirectorv2.annotate_request_context of <botocore.utils.S3RegionRedirectorv2 object at 0x0000025C37E47400>>
2023-04-23 22:53:17,912:DEBUG:Event before-parameter-build.s3.UploadPart: calling handler <function generate_idempotent_uuid at 0x0000025C1C462430>
2023-04-23 22:53:17,913:DEBUG:Event before-parameter-build.s3.UploadPart: calling handler <function generate_idempotent_uuid at 0x0000025C1C462430>
2023-04-23 22:53:17,915:DEBUG:Event before-call.s3.UploadPart: calling handler <function conditionally_calculate_md5 at 0x0000025C1B97DAF0>
2023-04-23 22:53:17,916:DEBUG:Event before-call.s3.UploadPart: calling handler <function conditionally_calculate_md5 at 0x0000025C1B97DAF0>
2023-04-23 22:53:17,966:DEBUG:Event before-call.s3.UploadPart: calling handler <function add_expect_header at 0x0000025C1C462940>
2023-04-23 22:53:17,967:DEBUG:Adding expect 100 continue header to request.
2023-04-23 22:53:17,968:DEBUG:Event before-call.s3.UploadPart: calling handler <function add_recursion_detection_header at 0x0000025C1C4620D0>
2023-04-23 22:53:17,968:DEBUG:Event before-call.s3.UploadPart: calling handler <function inject_api_version_header_if_needed at 0x0000025C1C464CA0>
2023-04-23 22:53:17,969:DEBUG:Making request for OperationModel(name=UploadPart) with params: {'url_path': '/SteelEye_assignment.csv', 'query_string': {'uploadId': 'odOEGLtslnvfyjDX2TKiUk51jsvysm.Y4m9eEASHtZ7qe3l6kpSHWdUsxizFyKVSUIZt8XMmpI67gjXT3SRZshxNoRwnzBkLk7.5SMRG9wI-', 'partNumber': 2}, 'method': 'PUT', 'headers': {'User-Agent': 'Boto3/1.26.114 Python/3.9.7 Windows/10 Botocore/1.29.114 Resource', 'Content-MD5': '7NctqdCLHiw/KJRtrfqUng==', 'Expect': '100-continue'}, 'body': <s3transfer.utils.ReadFileChunk object at 0x0000025C37E79A30>, 'auth_path': '/brajeshwar12018241/SteelEye_assignment.csv', 'url': 'https://brajeshwar12018241.s3.ap-southeast-2.amazonaws.com/SteelEye_assignment.csv?uploadId=odOEGLtslnvfyjDX2TKiUk51jsvysm.Y4m9eEASHtZ7qe3l6kpSHWdUsxizFyKVSUIZt8XMmpI67gjXT3SRZshxNoRwnzBkLk7.5SMRG9wI-&partNumber=2', 'context': {'client_region': 'ap-southeast-2', 'client_config': <botocore.config.Config object at 0x0000025C37CB47C0>, 'has_streaming_input': True, 'auth_type': 'v4', 'signing': {'region': 'ap-southeast-2', 'signing_name': 's3', 'disableDoubleEncoding': True}, 's3_redirect': {'redirected': False, 'bucket': 'brajeshwar12018241', 'params': {'Bucket': 'brajeshwar12018241', 'Key': 'SteelEye_assignment.csv', 'UploadId': 'odOEGLtslnvfyjDX2TKiUk51jsvysm.Y4m9eEASHtZ7qe3l6kpSHWdUsxizFyKVSUIZt8XMmpI67gjXT3SRZshxNoRwnzBkLk7.5SMRG9wI-', 'PartNumber': 2, 'Body': <s3transfer.utils.ReadFileChunk object at 0x0000025C37E79A30>}}}}
2023-04-23 22:53:17,972:DEBUG:Event request-created.s3.UploadPart: calling handler <function signal_not_transferring at 0x0000025C37D9BAF0>
2023-04-23 22:53:17,974:DEBUG:Event request-created.s3.UploadPart: calling handler <bound method RequestSigner.handler of <botocore.signers.RequestSigner object at 0x0000025C37CB47F0>>
2023-04-23 22:53:17,975:DEBUG:Event choose-signer.s3.UploadPart: calling handler <bound method ClientCreator._default_s3_presign_to_sigv2 of <botocore.client.ClientCreator object at 0x0000025C373D7D30>>
2023-04-23 22:53:17,975:DEBUG:Event choose-signer.s3.UploadPart: calling handler <function set_operation_specific_signer at 0x0000025C1C462310>
2023-04-23 22:53:17,976:DEBUG:Event before-sign.s3.UploadPart: calling handler <function remove_arn_from_signing_path at 0x0000025C1C466550>
2023-04-23 22:53:17,978:DEBUG:Calculating signature using v4 auth.
2023-04-23 22:53:17,978:DEBUG:CanonicalRequest:
PUT
/SteelEye_assignment.csv
partNumber=2&uploadId=odOEGLtslnvfyjDX2TKiUk51jsvysm.Y4m9eEASHtZ7qe3l6kpSHWdUsxizFyKVSUIZt8XMmpI67gjXT3SRZshxNoRwnzBkLk7.5SMRG9wI-
content-md5:7NctqdCLHiw/KJRtrfqUng==
host:brajeshwar12018241.s3.ap-southeast-2.amazonaws.com
x-amz-content-sha256:UNSIGNED-PAYLOAD
x-amz-date:20230423T172317Z

content-md5;host;x-amz-content-sha256;x-amz-date
UNSIGNED-PAYLOAD
2023-04-23 22:53:17,978:DEBUG:StringToSign:
AWS4-HMAC-SHA256
20230423T172317Z
20230423/ap-southeast-2/s3/aws4_request
2ddedc3f813e774fdbbb835c71769b0f2adbf285c066270c2557e4fd88146bfa
2023-04-23 22:53:17,979:DEBUG:Signature:
a6cbe5ccf91f71cbf97790fe5e650b56acc220758d3f1aa4a3d3f7b8b2818adb
2023-04-23 22:53:17,980:DEBUG:Event request-created.s3.UploadPart: calling handler <function signal_transferring at 0x0000025C37D9BB80>
2023-04-23 22:53:17,980:DEBUG:Event request-created.s3.UploadPart: calling handler <function add_retry_headers at 0x0000025C1C4663A0>
2023-04-23 22:53:17,981:DEBUG:Sending http request: <AWSPreparedRequest stream_output=False, method=PUT, url=https://brajeshwar12018241.s3.ap-southeast-2.amazonaws.com/SteelEye_assignment.csv?uploadId=odOEGLtslnvfyjDX2TKiUk51jsvysm.Y4m9eEASHtZ7qe3l6kpSHWdUsxizFyKVSUIZt8XMmpI67gjXT3SRZshxNoRwnzBkLk7.5SMRG9wI-&partNumber=2, headers={'User-Agent': b'Boto3/1.26.114 Python/3.9.7 Windows/10 Botocore/1.29.114 Resource', 'Content-MD5': b'7NctqdCLHiw/KJRtrfqUng==', 'Expect': b'100-continue', 'X-Amz-Date': b'20230423T172317Z', 'X-Amz-Content-SHA256': b'UNSIGNED-PAYLOAD', 'Authorization': b'AWS4-HMAC-SHA256 Credential=AKIAQLH6MERZETYDJ5ED/20230423/ap-southeast-2/s3/aws4_request, SignedHeaders=content-md5;host;x-amz-content-sha256;x-amz-date, Signature=a6cbe5ccf91f71cbf97790fe5e650b56acc220758d3f1aa4a3d3f7b8b2818adb', 'amz-sdk-invocation-id': b'7a6295ec-3c71-430a-8e0d-4c5ec978c7d5', 'amz-sdk-request': b'attempt=1', 'Content-Length': '553669'}>
2023-04-23 22:53:17,984:DEBUG:Certificate path: C:\Users\DELL\anaconda3\lib\site-packages\certifi\cacert.pem
2023-04-23 22:53:17,992:DEBUG:Waiting for 100 Continue response.
2023-04-23 22:53:18,060:DEBUG:Event before-call.s3.UploadPart: calling handler <function add_expect_header at 0x0000025C1C462940>
2023-04-23 22:53:18,062:DEBUG:Adding expect 100 continue header to request.
2023-04-23 22:53:18,063:DEBUG:Event before-call.s3.UploadPart: calling handler <function add_recursion_detection_header at 0x0000025C1C4620D0>
2023-04-23 22:53:18,063:DEBUG:Event before-call.s3.UploadPart: calling handler <function inject_api_version_header_if_needed at 0x0000025C1C464CA0>
2023-04-23 22:53:18,064:DEBUG:Making request for OperationModel(name=UploadPart) with params: {'url_path': '/SteelEye_assignment.csv', 'query_string': {'uploadId': 'odOEGLtslnvfyjDX2TKiUk51jsvysm.Y4m9eEASHtZ7qe3l6kpSHWdUsxizFyKVSUIZt8XMmpI67gjXT3SRZshxNoRwnzBkLk7.5SMRG9wI-', 'partNumber': 1}, 'method': 'PUT', 'headers': {'User-Agent': 'Boto3/1.26.114 Python/3.9.7 Windows/10 Botocore/1.29.114 Resource', 'Content-MD5': 'biIf9hWcmcGloBfrAJIC2w==', 'Expect': '100-continue'}, 'body': <s3transfer.utils.ReadFileChunk object at 0x0000025C37E79250>, 'auth_path': '/brajeshwar12018241/SteelEye_assignment.csv', 'url': 'https://brajeshwar12018241.s3.ap-southeast-2.amazonaws.com/SteelEye_assignment.csv?uploadId=odOEGLtslnvfyjDX2TKiUk51jsvysm.Y4m9eEASHtZ7qe3l6kpSHWdUsxizFyKVSUIZt8XMmpI67gjXT3SRZshxNoRwnzBkLk7.5SMRG9wI-&partNumber=1', 'context': {'client_region': 'ap-southeast-2', 'client_config': <botocore.config.Config object at 0x0000025C37CB47C0>, 'has_streaming_input': True, 'auth_type': 'v4', 'signing': {'region': 'ap-southeast-2', 'signing_name': 's3', 'disableDoubleEncoding': True}, 's3_redirect': {'redirected': False, 'bucket': 'brajeshwar12018241', 'params': {'Bucket': 'brajeshwar12018241', 'Key': 'SteelEye_assignment.csv', 'UploadId': 'odOEGLtslnvfyjDX2TKiUk51jsvysm.Y4m9eEASHtZ7qe3l6kpSHWdUsxizFyKVSUIZt8XMmpI67gjXT3SRZshxNoRwnzBkLk7.5SMRG9wI-', 'PartNumber': 1, 'Body': <s3transfer.utils.ReadFileChunk object at 0x0000025C37E79250>}}}}
2023-04-23 22:53:18,066:DEBUG:Event request-created.s3.UploadPart: calling handler <function signal_not_transferring at 0x0000025C37D9BAF0>
2023-04-23 22:53:18,067:DEBUG:Event request-created.s3.UploadPart: calling handler <bound method RequestSigner.handler of <botocore.signers.RequestSigner object at 0x0000025C37CB47F0>>
2023-04-23 22:53:18,068:DEBUG:Event choose-signer.s3.UploadPart: calling handler <bound method ClientCreator._default_s3_presign_to_sigv2 of <botocore.client.ClientCreator object at 0x0000025C373D7D30>>
2023-04-23 22:53:18,069:DEBUG:Event choose-signer.s3.UploadPart: calling handler <function set_operation_specific_signer at 0x0000025C1C462310>
2023-04-23 22:53:18,070:DEBUG:Event before-sign.s3.UploadPart: calling handler <function remove_arn_from_signing_path at 0x0000025C1C466550>
2023-04-23 22:53:18,072:DEBUG:Calculating signature using v4 auth.
2023-04-23 22:53:18,073:DEBUG:CanonicalRequest:
PUT
/SteelEye_assignment.csv
partNumber=1&uploadId=odOEGLtslnvfyjDX2TKiUk51jsvysm.Y4m9eEASHtZ7qe3l6kpSHWdUsxizFyKVSUIZt8XMmpI67gjXT3SRZshxNoRwnzBkLk7.5SMRG9wI-
content-md5:biIf9hWcmcGloBfrAJIC2w==
host:brajeshwar12018241.s3.ap-southeast-2.amazonaws.com
x-amz-content-sha256:UNSIGNED-PAYLOAD
x-amz-date:20230423T172318Z

content-md5;host;x-amz-content-sha256;x-amz-date
UNSIGNED-PAYLOAD
2023-04-23 22:53:18,075:DEBUG:StringToSign:
AWS4-HMAC-SHA256
20230423T172318Z
20230423/ap-southeast-2/s3/aws4_request
cfcf906fcbff64f99ac99a012493777e8eaac4abf933d5f116f46013b57cf6c2
2023-04-23 22:53:18,077:DEBUG:Signature:
f7a613c08de3ad3cef4a6c104f0857800e7a14ef0237cb4d3b1d407943080102
2023-04-23 22:53:18,079:DEBUG:Event request-created.s3.UploadPart: calling handler <function signal_transferring at 0x0000025C37D9BB80>
2023-04-23 22:53:18,080:DEBUG:Event request-created.s3.UploadPart: calling handler <function add_retry_headers at 0x0000025C1C4663A0>
2023-04-23 22:53:18,082:DEBUG:Sending http request: <AWSPreparedRequest stream_output=False, method=PUT, url=https://brajeshwar12018241.s3.ap-southeast-2.amazonaws.com/SteelEye_assignment.csv?uploadId=odOEGLtslnvfyjDX2TKiUk51jsvysm.Y4m9eEASHtZ7qe3l6kpSHWdUsxizFyKVSUIZt8XMmpI67gjXT3SRZshxNoRwnzBkLk7.5SMRG9wI-&partNumber=1, headers={'User-Agent': b'Boto3/1.26.114 Python/3.9.7 Windows/10 Botocore/1.29.114 Resource', 'Content-MD5': b'biIf9hWcmcGloBfrAJIC2w==', 'Expect': b'100-continue', 'X-Amz-Date': b'20230423T172318Z', 'X-Amz-Content-SHA256': b'UNSIGNED-PAYLOAD', 'Authorization': b'AWS4-HMAC-SHA256 Credential=AKIAQLH6MERZETYDJ5ED/20230423/ap-southeast-2/s3/aws4_request, SignedHeaders=content-md5;host;x-amz-content-sha256;x-amz-date, Signature=f7a613c08de3ad3cef4a6c104f0857800e7a14ef0237cb4d3b1d407943080102', 'amz-sdk-invocation-id': b'b4ea9b83-0da7-4b33-b646-30dabdcf10ea', 'amz-sdk-request': b'attempt=1', 'Content-Length': '8388608'}>
2023-04-23 22:53:18,085:DEBUG:Certificate path: C:\Users\DELL\anaconda3\lib\site-packages\certifi\cacert.pem
2023-04-23 22:53:18,087:DEBUG:Starting new HTTPS connection (2): brajeshwar12018241.s3.ap-southeast-2.amazonaws.com:443
2023-04-23 22:53:18,220:DEBUG:100 Continue response seen, now sending request body.
2023-04-23 22:53:18,814:DEBUG:Waiting for 100 Continue response.
2023-04-23 22:53:19,049:DEBUG:100 Continue response seen, now sending request body.
2023-04-23 22:53:20,708:DEBUG:https://brajeshwar12018241.s3.ap-southeast-2.amazonaws.com:443 "PUT /SteelEye_assignment.csv?uploadId=odOEGLtslnvfyjDX2TKiUk51jsvysm.Y4m9eEASHtZ7qe3l6kpSHWdUsxizFyKVSUIZt8XMmpI67gjXT3SRZshxNoRwnzBkLk7.5SMRG9wI-&partNumber=2 HTTP/1.1" 200 0
2023-04-23 22:53:20,709:DEBUG:Response headers: {'x-amz-id-2': 'p7BNkHeYHRdCADZgDcjCidubPverfAr0128Axx/aPvVl6cwQ71xncs3sJ9/nmzDZrcGRHuGYmbRbLZE+rYD+6Q==', 'x-amz-request-id': '7DNXSWQ9NXR6M36Z', 'Date': 'Sun, 23 Apr 2023 17:23:19 GMT', 'ETag': '"ecd72da9d08b1e2c3f28946dadfa949e"', 'x-amz-server-side-encryption': 'AES256', 'Server': 'AmazonS3', 'Content-Length': '0'}
2023-04-23 22:53:20,709:DEBUG:Response body:
b''
2023-04-23 22:53:20,710:DEBUG:Event needs-retry.s3.UploadPart: calling handler <botocore.retryhandler.RetryHandler object at 0x0000025C37E47340>
2023-04-23 22:53:20,710:DEBUG:No retry needed.
2023-04-23 22:53:20,710:DEBUG:Event needs-retry.s3.UploadPart: calling handler <bound method S3RegionRedirectorv2.redirect_from_error of <botocore.utils.S3RegionRedirectorv2 object at 0x0000025C37E47400>>
2023-04-23 22:53:20,711:DEBUG:Releasing acquire 0/None
2023-04-23 22:54:05,147:DEBUG:https://brajeshwar12018241.s3.ap-southeast-2.amazonaws.com:443 "PUT /SteelEye_assignment.csv?uploadId=odOEGLtslnvfyjDX2TKiUk51jsvysm.Y4m9eEASHtZ7qe3l6kpSHWdUsxizFyKVSUIZt8XMmpI67gjXT3SRZshxNoRwnzBkLk7.5SMRG9wI-&partNumber=1 HTTP/1.1" 200 0
2023-04-23 22:54:05,148:DEBUG:Response headers: {'x-amz-id-2': 'dk2t8SK4GG7EFdAAUpsLRNW5OxxeI1V4I3uYtxr88Npg7pmDgbtjr3mcgON89rFJ8xGFUnMsAwbEw41kgUlKfQ==', 'x-amz-request-id': 'PZBY88E9VM8CYS76', 'Date': 'Sun, 23 Apr 2023 17:23:20 GMT', 'ETag': '"6e221ff6159c99c1a5a017eb009202db"', 'x-amz-server-side-encryption': 'AES256', 'Server': 'AmazonS3', 'Content-Length': '0'}
2023-04-23 22:54:05,149:DEBUG:Response body:
b''
2023-04-23 22:54:05,149:DEBUG:Event needs-retry.s3.UploadPart: calling handler <botocore.retryhandler.RetryHandler object at 0x0000025C37E47340>
2023-04-23 22:54:05,150:DEBUG:No retry needed.
2023-04-23 22:54:05,150:DEBUG:Event needs-retry.s3.UploadPart: calling handler <bound method S3RegionRedirectorv2.redirect_from_error of <botocore.utils.S3RegionRedirectorv2 object at 0x0000025C37E47400>>
2023-04-23 22:54:05,151:DEBUG:Releasing acquire 0/None
2023-04-23 22:54:05,152:DEBUG:CompleteMultipartUploadTask(transfer_id=0, {'bucket': 'brajeshwar12018241', 'key': 'SteelEye_assignment.csv', 'extra_args': {}}) about to wait for <s3transfer.futures.ExecutorFuture object at 0x0000025C37E87490>
2023-04-23 22:54:05,152:DEBUG:CompleteMultipartUploadTask(transfer_id=0, {'bucket': 'brajeshwar12018241', 'key': 'SteelEye_assignment.csv', 'extra_args': {}}) done waiting for dependent futures
2023-04-23 22:54:05,153:DEBUG:Executing task CompleteMultipartUploadTask(transfer_id=0, {'bucket': 'brajeshwar12018241', 'key': 'SteelEye_assignment.csv', 'extra_args': {}}) with kwargs {'client': <botocore.client.S3 object at 0x0000025C37CB4820>, 'bucket': 'brajeshwar12018241', 'key': 'SteelEye_assignment.csv', 'extra_args': {}, 'upload_id': 'odOEGLtslnvfyjDX2TKiUk51jsvysm.Y4m9eEASHtZ7qe3l6kpSHWdUsxizFyKVSUIZt8XMmpI67gjXT3SRZshxNoRwnzBkLk7.5SMRG9wI-', 'parts': [{'ETag': '"6e221ff6159c99c1a5a017eb009202db"', 'PartNumber': 1}, {'ETag': '"ecd72da9d08b1e2c3f28946dadfa949e"', 'PartNumber': 2}]}
2023-04-23 22:54:05,154:DEBUG:Event before-endpoint-resolution.s3: calling handler <function customize_endpoint_resolver_builtins at 0x0000025C1C4665E0>
2023-04-23 22:54:05,155:DEBUG:Event before-endpoint-resolution.s3: calling handler <bound method S3RegionRedirectorv2.redirect_from_cache of <botocore.utils.S3RegionRedirectorv2 object at 0x0000025C37E47400>>
2023-04-23 22:54:05,156:DEBUG:Calling endpoint provider with parameters: {'Bucket': 'brajeshwar12018241', 'Region': 'ap-southeast-2', 'UseFIPS': False, 'UseDualStack': False, 'ForcePathStyle': False, 'Accelerate': False, 'UseGlobalEndpoint': False, 'DisableMultiRegionAccessPoints': False, 'UseArnRegion': True}
2023-04-23 22:54:05,156:DEBUG:Endpoint provider result: https://brajeshwar12018241.s3.ap-southeast-2.amazonaws.com
2023-04-23 22:54:05,156:DEBUG:Selecting from endpoint provider's list of auth schemes: "sigv4". User selected auth scheme is: "None"
2023-04-23 22:54:05,157:DEBUG:Selected auth type "v4" as "v4" with signing context params: {'region': 'ap-southeast-2', 'signing_name': 's3', 'disableDoubleEncoding': True}
2023-04-23 22:54:05,158:DEBUG:Event before-parameter-build.s3.CompleteMultipartUpload: calling handler <function validate_bucket_name at 0x0000025C1C4625E0>
2023-04-23 22:54:05,158:DEBUG:Event before-parameter-build.s3.CompleteMultipartUpload: calling handler <function remove_bucket_from_url_paths_from_model at 0x0000025C1C466430>
2023-04-23 22:54:05,159:DEBUG:Event before-parameter-build.s3.CompleteMultipartUpload: calling handler <bound method S3RegionRedirectorv2.annotate_request_context of <botocore.utils.S3RegionRedirectorv2 object at 0x0000025C37E47400>>
2023-04-23 22:54:05,159:DEBUG:Event before-parameter-build.s3.CompleteMultipartUpload: calling handler <function generate_idempotent_uuid at 0x0000025C1C462430>
2023-04-23 22:54:05,162:DEBUG:Event before-call.s3.CompleteMultipartUpload: calling handler <function add_expect_header at 0x0000025C1C462940>
2023-04-23 22:54:05,162:DEBUG:Event before-call.s3.CompleteMultipartUpload: calling handler <function add_recursion_detection_header at 0x0000025C1C4620D0>
2023-04-23 22:54:05,162:DEBUG:Event before-call.s3.CompleteMultipartUpload: calling handler <function inject_api_version_header_if_needed at 0x0000025C1C464CA0>
2023-04-23 22:54:05,163:DEBUG:Making request for OperationModel(name=CompleteMultipartUpload) with params: {'url_path': '/SteelEye_assignment.csv', 'query_string': {'uploadId': 'odOEGLtslnvfyjDX2TKiUk51jsvysm.Y4m9eEASHtZ7qe3l6kpSHWdUsxizFyKVSUIZt8XMmpI67gjXT3SRZshxNoRwnzBkLk7.5SMRG9wI-'}, 'method': 'POST', 'headers': {'User-Agent': 'Boto3/1.26.114 Python/3.9.7 Windows/10 Botocore/1.29.114 Resource'}, 'body': b'<CompleteMultipartUpload xmlns="http://s3.amazonaws.com/doc/2006-03-01/"><Part><ETag>"6e221ff6159c99c1a5a017eb009202db"</ETag><PartNumber>1</PartNumber></Part><Part><ETag>"ecd72da9d08b1e2c3f28946dadfa949e"</ETag><PartNumber>2</PartNumber></Part></CompleteMultipartUpload>', 'auth_path': '/brajeshwar12018241/SteelEye_assignment.csv', 'url': 'https://brajeshwar12018241.s3.ap-southeast-2.amazonaws.com/SteelEye_assignment.csv?uploadId=odOEGLtslnvfyjDX2TKiUk51jsvysm.Y4m9eEASHtZ7qe3l6kpSHWdUsxizFyKVSUIZt8XMmpI67gjXT3SRZshxNoRwnzBkLk7.5SMRG9wI-', 'context': {'client_region': 'ap-southeast-2', 'client_config': <botocore.config.Config object at 0x0000025C37CB47C0>, 'has_streaming_input': False, 'auth_type': 'v4', 'signing': {'region': 'ap-southeast-2', 'signing_name': 's3', 'disableDoubleEncoding': True}, 's3_redirect': {'redirected': False, 'bucket': 'brajeshwar12018241', 'params': {'Bucket': 'brajeshwar12018241', 'Key': 'SteelEye_assignment.csv', 'UploadId': 'odOEGLtslnvfyjDX2TKiUk51jsvysm.Y4m9eEASHtZ7qe3l6kpSHWdUsxizFyKVSUIZt8XMmpI67gjXT3SRZshxNoRwnzBkLk7.5SMRG9wI-', 'MultipartUpload': {'Parts': [{'ETag': '"6e221ff6159c99c1a5a017eb009202db"', 'PartNumber': 1}, {'ETag': '"ecd72da9d08b1e2c3f28946dadfa949e"', 'PartNumber': 2}]}}}}}
2023-04-23 22:54:05,165:DEBUG:Event request-created.s3.CompleteMultipartUpload: calling handler <function signal_not_transferring at 0x0000025C37D9BAF0>
2023-04-23 22:54:05,165:DEBUG:Event request-created.s3.CompleteMultipartUpload: calling handler <bound method RequestSigner.handler of <botocore.signers.RequestSigner object at 0x0000025C37CB47F0>>
2023-04-23 22:54:05,166:DEBUG:Event choose-signer.s3.CompleteMultipartUpload: calling handler <bound method ClientCreator._default_s3_presign_to_sigv2 of <botocore.client.ClientCreator object at 0x0000025C373D7D30>>
2023-04-23 22:54:05,166:DEBUG:Event choose-signer.s3.CompleteMultipartUpload: calling handler <function set_operation_specific_signer at 0x0000025C1C462310>
2023-04-23 22:54:05,167:DEBUG:Event before-sign.s3.CompleteMultipartUpload: calling handler <function remove_arn_from_signing_path at 0x0000025C1C466550>
2023-04-23 22:54:05,168:DEBUG:Calculating signature using v4 auth.
2023-04-23 22:54:05,168:DEBUG:CanonicalRequest:
POST
/SteelEye_assignment.csv
uploadId=odOEGLtslnvfyjDX2TKiUk51jsvysm.Y4m9eEASHtZ7qe3l6kpSHWdUsxizFyKVSUIZt8XMmpI67gjXT3SRZshxNoRwnzBkLk7.5SMRG9wI-
host:brajeshwar12018241.s3.ap-southeast-2.amazonaws.com
x-amz-content-sha256:fd72da933920828b7d6f03840e2c612fd46e20a39039fa97ea8cfd54545a3987
x-amz-date:20230423T172405Z

host;x-amz-content-sha256;x-amz-date
fd72da933920828b7d6f03840e2c612fd46e20a39039fa97ea8cfd54545a3987
2023-04-23 22:54:05,169:DEBUG:StringToSign:
AWS4-HMAC-SHA256
20230423T172405Z
20230423/ap-southeast-2/s3/aws4_request
c7b82d163539c92123aedeab75cc144b8c28d6d170b505b2417e95d42998b286
2023-04-23 22:54:05,169:DEBUG:Signature:
c8e28730f6c03e50ef7ebab694216219b847fd31dfbc8089f38b622b72a3fcca
2023-04-23 22:54:05,170:DEBUG:Event request-created.s3.CompleteMultipartUpload: calling handler <function signal_transferring at 0x0000025C37D9BB80>
2023-04-23 22:54:05,170:DEBUG:Event request-created.s3.CompleteMultipartUpload: calling handler <function add_retry_headers at 0x0000025C1C4663A0>
2023-04-23 22:54:05,170:DEBUG:Sending http request: <AWSPreparedRequest stream_output=False, method=POST, url=https://brajeshwar12018241.s3.ap-southeast-2.amazonaws.com/SteelEye_assignment.csv?uploadId=odOEGLtslnvfyjDX2TKiUk51jsvysm.Y4m9eEASHtZ7qe3l6kpSHWdUsxizFyKVSUIZt8XMmpI67gjXT3SRZshxNoRwnzBkLk7.5SMRG9wI-, headers={'User-Agent': b'Boto3/1.26.114 Python/3.9.7 Windows/10 Botocore/1.29.114 Resource', 'X-Amz-Date': b'20230423T172405Z', 'X-Amz-Content-SHA256': b'fd72da933920828b7d6f03840e2c612fd46e20a39039fa97ea8cfd54545a3987', 'Authorization': b'AWS4-HMAC-SHA256 Credential=AKIAQLH6MERZETYDJ5ED/20230423/ap-southeast-2/s3/aws4_request, SignedHeaders=host;x-amz-content-sha256;x-amz-date, Signature=c8e28730f6c03e50ef7ebab694216219b847fd31dfbc8089f38b622b72a3fcca', 'amz-sdk-invocation-id': b'39edfd82-47e6-4ef5-b652-152f4a5d736d', 'amz-sdk-request': b'attempt=1', 'Content-Length': '271'}>
2023-04-23 22:54:05,171:DEBUG:Certificate path: C:\Users\DELL\anaconda3\lib\site-packages\certifi\cacert.pem
2023-04-23 22:54:05,430:DEBUG:https://brajeshwar12018241.s3.ap-southeast-2.amazonaws.com:443 "POST /SteelEye_assignment.csv?uploadId=odOEGLtslnvfyjDX2TKiUk51jsvysm.Y4m9eEASHtZ7qe3l6kpSHWdUsxizFyKVSUIZt8XMmpI67gjXT3SRZshxNoRwnzBkLk7.5SMRG9wI- HTTP/1.1" 200 None
2023-04-23 22:54:05,472:DEBUG:Response headers: {'x-amz-id-2': 'tbQ8FlrTEEMkDrJ4/JjJ0rVapj2pEWqfA2e0VxBzBhOiJ9yVn+kH6gwGJHdEIsgGhUQq1GTC2mWQ1lBc64USDA==', 'x-amz-request-id': '1HJYEWN5V18F4BZ0', 'Date': 'Sun, 23 Apr 2023 17:24:06 GMT', 'x-amz-server-side-encryption': 'AES256', 'Content-Type': 'application/xml', 'Transfer-Encoding': 'chunked', 'Server': 'AmazonS3'}
2023-04-23 22:54:05,473:DEBUG:Response body:
b'<?xml version="1.0" encoding="UTF-8"?>\n\n<CompleteMultipartUploadResult xmlns="http://s3.amazonaws.com/doc/2006-03-01/"><Location>https://brajeshwar12018241.s3.ap-southeast-2.amazonaws.com/SteelEye_assignment.csv</Location><Bucket>brajeshwar12018241</Bucket><Key>SteelEye_assignment.csv</Key><ETag>"5a724725b4abe5899f3ec4991557355f-2"</ETag></CompleteMultipartUploadResult>'
2023-04-23 22:54:05,475:DEBUG:Event needs-retry.s3.CompleteMultipartUpload: calling handler <function check_for_200_error at 0x0000025C1C4621F0>
2023-04-23 22:54:05,475:DEBUG:Event needs-retry.s3.CompleteMultipartUpload: calling handler <botocore.retryhandler.RetryHandler object at 0x0000025C37E47340>
2023-04-23 22:54:05,476:DEBUG:No retry needed.
2023-04-23 22:54:05,476:DEBUG:Event needs-retry.s3.CompleteMultipartUpload: calling handler <bound method S3RegionRedirectorv2.redirect_from_error of <botocore.utils.S3RegionRedirectorv2 object at 0x0000025C37E47400>>
2023-04-23 22:54:05,477:DEBUG:Releasing acquire 0/None
2023-04-23 22:54:05,480:INFO:output.csv file uploaded to S3 bucket successfully
2023-04-23 22:58:34,219:DEBUG:Starting new HTTPS connection (1): registers.esma.europa.eu:443
2023-04-23 22:58:35,185:DEBUG:https://registers.esma.europa.eu:443 "GET /solr/esma_registers_firds_files/select?q=*&fq=publication_date:%5B2021-01-17T00:00:00Z+TO+2021-01-19T23:59:59Z%5D&wt=xml&indent=true&start=0&rows=100 HTTP/1.1" 200 None
2023-04-23 22:58:35,192:INFO:XML file downloaded successfully.
2023-04-23 22:58:35,195:INFO:Download link found successfully.
2023-04-23 22:58:35,203:DEBUG:Starting new HTTP connection (1): firds.esma.europa.eu:80
2023-04-23 22:58:35,374:DEBUG:http://firds.esma.europa.eu:80 "GET /firds/DLTINS_20210117_01of01.zip HTTP/1.1" 200 4434514
2023-04-23 22:58:41,110:INFO:Download and extraction successful.
2023-04-23 22:58:55,558:INFO:Data extraction successful.
2023-04-23 22:58:55,558:INFO:Starting the code to write data to output.csv file
2023-04-23 22:58:56,525:INFO:Data written to output.csv file successfully
2023-04-23 22:58:56,526:INFO:Starting the code to upload output.csv file to S3 bucket
2023-04-23 22:58:56,529:DEBUG:Changing event name from creating-client-class.iot-data to creating-client-class.iot-data-plane
2023-04-23 22:58:56,537:DEBUG:Changing event name from before-call.apigateway to before-call.api-gateway
2023-04-23 22:58:56,540:DEBUG:Changing event name from request-created.machinelearning.Predict to request-created.machine-learning.Predict
2023-04-23 22:58:56,546:DEBUG:Changing event name from before-parameter-build.autoscaling.CreateLaunchConfiguration to before-parameter-build.auto-scaling.CreateLaunchConfiguration
2023-04-23 22:58:56,546:DEBUG:Changing event name from before-parameter-build.route53 to before-parameter-build.route-53
2023-04-23 22:58:56,548:DEBUG:Changing event name from request-created.cloudsearchdomain.Search to request-created.cloudsearch-domain.Search
2023-04-23 22:58:56,551:DEBUG:Changing event name from docs.*.autoscaling.CreateLaunchConfiguration.complete-section to docs.*.auto-scaling.CreateLaunchConfiguration.complete-section
2023-04-23 22:58:56,560:DEBUG:Changing event name from before-parameter-build.logs.CreateExportTask to before-parameter-build.cloudwatch-logs.CreateExportTask
2023-04-23 22:58:56,560:DEBUG:Changing event name from docs.*.logs.CreateExportTask.complete-section to docs.*.cloudwatch-logs.CreateExportTask.complete-section
2023-04-23 22:58:56,561:DEBUG:Changing event name from before-parameter-build.cloudsearchdomain.Search to before-parameter-build.cloudsearch-domain.Search
2023-04-23 22:58:56,561:DEBUG:Changing event name from docs.*.cloudsearchdomain.Search.complete-section to docs.*.cloudsearch-domain.Search.complete-section
2023-04-23 22:58:56,698:DEBUG:Loading JSON file: C:\Python310\lib\site-packages\boto3\data\s3\2006-03-01\resources-1.json
2023-04-23 22:58:56,703:DEBUG:Loading JSON file: C:\Python310\lib\site-packages\botocore\data\endpoints.json
2023-04-23 22:58:56,723:DEBUG:Loading JSON file: C:\Python310\lib\site-packages\botocore\data\sdk-default-configuration.json
2023-04-23 22:58:56,724:DEBUG:Event choose-service-name: calling handler <function handle_service_name_alias at 0x0000020723B8E5F0>
2023-04-23 22:58:56,837:DEBUG:Loading JSON file: C:\Python310\lib\site-packages\botocore\data\s3\2006-03-01\service-2.json
2023-04-23 22:58:56,992:DEBUG:Loading JSON file: C:\Python310\lib\site-packages\botocore\data\s3\2006-03-01\endpoint-rule-set-1.json.gz
2023-04-23 22:58:57,002:DEBUG:Loading JSON file: C:\Python310\lib\site-packages\botocore\data\partitions.json
2023-04-23 22:58:57,010:DEBUG:Event creating-client-class.s3: calling handler <function add_generate_presigned_post at 0x0000020723AB5FC0>
2023-04-23 22:58:57,010:DEBUG:Event creating-client-class.s3: calling handler <function lazy_call.<locals>._handler at 0x000002075106FD90>
2023-04-23 22:58:57,144:DEBUG:Event creating-client-class.s3: calling handler <function add_generate_presigned_url at 0x0000020723AB5D80>
2023-04-23 22:58:57,160:DEBUG:Setting s3 timeout as (60, 60)
2023-04-23 22:58:57,173:DEBUG:Loading JSON file: C:\Python310\lib\site-packages\botocore\data\_retry.json
2023-04-23 22:58:57,175:DEBUG:Registering retry handlers for service: s3
2023-04-23 22:58:57,177:DEBUG:Registering S3 region redirector handler
2023-04-23 22:58:57,181:DEBUG:Loading s3:s3
2023-04-23 22:58:57,187:DEBUG:Loading s3:Bucket
2023-04-23 22:58:57,188:DEBUG:Renaming Bucket attribute name
2023-04-23 22:58:57,192:DEBUG:Event creating-resource-class.s3.Bucket: calling handler <function lazy_call.<locals>._handler at 0x00000207251D4040>
2023-04-23 22:58:57,195:DEBUG:Acquiring 0
2023-04-23 22:58:57,202:DEBUG:UploadSubmissionTask(transfer_id=0, {'transfer_future': <s3transfer.futures.TransferFuture object at 0x0000020725C53100>}) about to wait for the following futures []
2023-04-23 22:58:57,202:DEBUG:UploadSubmissionTask(transfer_id=0, {'transfer_future': <s3transfer.futures.TransferFuture object at 0x0000020725C53100>}) done waiting for dependent futures
2023-04-23 22:58:57,203:DEBUG:Executing task UploadSubmissionTask(transfer_id=0, {'transfer_future': <s3transfer.futures.TransferFuture object at 0x0000020725C53100>}) with kwargs {'client': <botocore.client.S3 object at 0x00000207257C1B70>, 'config': <boto3.s3.transfer.TransferConfig object at 0x0000020725C2EBF0>, 'osutil': <s3transfer.utils.OSUtils object at 0x0000020725C52440>, 'request_executor': <s3transfer.futures.BoundedExecutor object at 0x0000020725C52710>, 'transfer_future': <s3transfer.futures.TransferFuture object at 0x0000020725C53100>}
2023-04-23 22:58:57,205:DEBUG:Submitting task CreateMultipartUploadTask(transfer_id=0, {'bucket': 'brajeshwar12018241', 'key': 'SteelEye_assignment.csv', 'extra_args': {}}) to executor <s3transfer.futures.BoundedExecutor object at 0x0000020725C52710> for transfer request: 0.
2023-04-23 22:58:57,205:DEBUG:Acquiring 0
2023-04-23 22:58:57,209:DEBUG:Submitting task UploadPartTask(transfer_id=0, {'bucket': 'brajeshwar12018241', 'key': 'SteelEye_assignment.csv', 'part_number': 1, 'extra_args': {}}) to executor <s3transfer.futures.BoundedExecutor object at 0x0000020725C52710> for transfer request: 0.
2023-04-23 22:58:57,209:DEBUG:CreateMultipartUploadTask(transfer_id=0, {'bucket': 'brajeshwar12018241', 'key': 'SteelEye_assignment.csv', 'extra_args': {}}) about to wait for the following futures []
2023-04-23 22:58:57,210:DEBUG:Acquiring 0
2023-04-23 22:58:57,210:DEBUG:CreateMultipartUploadTask(transfer_id=0, {'bucket': 'brajeshwar12018241', 'key': 'SteelEye_assignment.csv', 'extra_args': {}}) done waiting for dependent futures
2023-04-23 22:58:57,212:DEBUG:Executing task CreateMultipartUploadTask(transfer_id=0, {'bucket': 'brajeshwar12018241', 'key': 'SteelEye_assignment.csv', 'extra_args': {}}) with kwargs {'client': <botocore.client.S3 object at 0x00000207257C1B70>, 'bucket': 'brajeshwar12018241', 'key': 'SteelEye_assignment.csv', 'extra_args': {}}
2023-04-23 22:58:57,214:DEBUG:Event before-endpoint-resolution.s3: calling handler <function customize_endpoint_resolver_builtins at 0x0000020723BB5CF0>
2023-04-23 22:58:57,214:DEBUG:Event before-endpoint-resolution.s3: calling handler <bound method S3RegionRedirectorv2.redirect_from_cache of <botocore.utils.S3RegionRedirectorv2 object at 0x0000020725C2C2E0>>
2023-04-23 22:58:57,220:DEBUG:Calling endpoint provider with parameters: {'Bucket': 'brajeshwar12018241', 'Region': 'ap-southeast-2', 'UseFIPS': False, 'UseDualStack': False, 'ForcePathStyle': False, 'Accelerate': False, 'UseGlobalEndpoint': False, 'DisableMultiRegionAccessPoints': False, 'UseArnRegion': True}
2023-04-23 22:58:57,221:DEBUG:UploadPartTask(transfer_id=0, {'bucket': 'brajeshwar12018241', 'key': 'SteelEye_assignment.csv', 'part_number': 1, 'extra_args': {}}) about to wait for the following futures [<s3transfer.futures.ExecutorFuture object at 0x0000020725C53DF0>]
2023-04-23 22:58:57,221:DEBUG:Submitting task UploadPartTask(transfer_id=0, {'bucket': 'brajeshwar12018241', 'key': 'SteelEye_assignment.csv', 'part_number': 2, 'extra_args': {}}) to executor <s3transfer.futures.BoundedExecutor object at 0x0000020725C52710> for transfer request: 0.
2023-04-23 22:58:57,229:DEBUG:UploadPartTask(transfer_id=0, {'bucket': 'brajeshwar12018241', 'key': 'SteelEye_assignment.csv', 'part_number': 1, 'extra_args': {}}) about to wait for <s3transfer.futures.ExecutorFuture object at 0x0000020725C53DF0>
2023-04-23 22:58:57,230:DEBUG:Acquiring 0
2023-04-23 22:58:57,231:DEBUG:Endpoint provider result: https://brajeshwar12018241.s3.ap-southeast-2.amazonaws.com
2023-04-23 22:58:57,233:DEBUG:Selecting from endpoint provider's list of auth schemes: "sigv4". User selected auth scheme is: "None"
2023-04-23 22:58:57,234:DEBUG:Selected auth type "v4" as "v4" with signing context params: {'region': 'ap-southeast-2', 'signing_name': 's3', 'disableDoubleEncoding': True}
2023-04-23 22:58:57,235:DEBUG:Event before-parameter-build.s3.CreateMultipartUpload: calling handler <function validate_ascii_metadata at 0x0000020723BB49D0>
2023-04-23 22:58:57,236:DEBUG:Event before-parameter-build.s3.CreateMultipartUpload: calling handler <function sse_md5 at 0x0000020723B8FD90>
2023-04-23 22:58:57,237:DEBUG:UploadPartTask(transfer_id=0, {'bucket': 'brajeshwar12018241', 'key': 'SteelEye_assignment.csv', 'part_number': 2, 'extra_args': {}}) about to wait for the following futures [<s3transfer.futures.ExecutorFuture object at 0x0000020725C53DF0>]
2023-04-23 22:58:57,238:DEBUG:Submitting task CompleteMultipartUploadTask(transfer_id=0, {'bucket': 'brajeshwar12018241', 'key': 'SteelEye_assignment.csv', 'extra_args': {}}) to executor <s3transfer.futures.BoundedExecutor object at 0x0000020725C52710> for transfer request: 0.
2023-04-23 22:58:57,238:DEBUG:Event before-parameter-build.s3.CreateMultipartUpload: calling handler <function validate_bucket_name at 0x0000020723B8FD00>
2023-04-23 22:58:57,239:DEBUG:UploadPartTask(transfer_id=0, {'bucket': 'brajeshwar12018241', 'key': 'SteelEye_assignment.csv', 'part_number': 2, 'extra_args': {}}) about to wait for <s3transfer.futures.ExecutorFuture object at 0x0000020725C53DF0>
2023-04-23 22:58:57,239:DEBUG:Acquiring 0
2023-04-23 22:58:57,240:DEBUG:Event before-parameter-build.s3.CreateMultipartUpload: calling handler <function remove_bucket_from_url_paths_from_model at 0x0000020723BB5B40>
2023-04-23 22:58:57,241:DEBUG:Event before-parameter-build.s3.CreateMultipartUpload: calling handler <bound method S3RegionRedirectorv2.annotate_request_context of <botocore.utils.S3RegionRedirectorv2 object at 0x0000020725C2C2E0>>
2023-04-23 22:58:57,242:DEBUG:Event before-parameter-build.s3.CreateMultipartUpload: calling handler <function generate_idempotent_uuid at 0x0000020723B8FB50>
2023-04-23 22:58:57,246:DEBUG:Event before-call.s3.CreateMultipartUpload: calling handler <function add_expect_header at 0x0000020723BB40D0>
2023-04-23 22:58:57,247:DEBUG:Event before-call.s3.CreateMultipartUpload: calling handler <function add_recursion_detection_header at 0x0000020723B8F7F0>
2023-04-23 22:58:57,247:DEBUG:Event before-call.s3.CreateMultipartUpload: calling handler <function inject_api_version_header_if_needed at 0x0000020723BB53F0>
2023-04-23 22:58:57,248:DEBUG:Making request for OperationModel(name=CreateMultipartUpload) with params: {'url_path': '/SteelEye_assignment.csv?uploads', 'query_string': {}, 'method': 'POST', 'headers': {'User-Agent': 'Boto3/1.26.118 Python/3.10.6 Windows/10 Botocore/1.29.118 Resource'}, 'body': b'', 'auth_path': '/brajeshwar12018241/SteelEye_assignment.csv?uploads', 'url': 'https://brajeshwar12018241.s3.ap-southeast-2.amazonaws.com/SteelEye_assignment.csv?uploads', 'context': {'client_region': 'ap-southeast-2', 'client_config': <botocore.config.Config object at 0x0000020725BB1C60>, 'has_streaming_input': False, 'auth_type': 'v4', 'signing': {'region': 'ap-southeast-2', 'signing_name': 's3', 'disableDoubleEncoding': True}, 's3_redirect': {'redirected': False, 'bucket': 'brajeshwar12018241', 'params': {'Bucket': 'brajeshwar12018241', 'Key': 'SteelEye_assignment.csv'}}}}
2023-04-23 22:58:57,249:DEBUG:Releasing acquire 0/None
2023-04-23 22:58:57,249:DEBUG:CompleteMultipartUploadTask(transfer_id=0, {'bucket': 'brajeshwar12018241', 'key': 'SteelEye_assignment.csv', 'extra_args': {}}) about to wait for the following futures [<s3transfer.futures.ExecutorFuture object at 0x0000020725C53DF0>, <s3transfer.futures.ExecutorFuture object at 0x0000020725C745E0>, <s3transfer.futures.ExecutorFuture object at 0x0000020725C754B0>]
2023-04-23 22:58:57,251:DEBUG:Event request-created.s3.CreateMultipartUpload: calling handler <function signal_not_transferring at 0x0000020725B535B0>
2023-04-23 22:58:57,252:DEBUG:CompleteMultipartUploadTask(transfer_id=0, {'bucket': 'brajeshwar12018241', 'key': 'SteelEye_assignment.csv', 'extra_args': {}}) about to wait for <s3transfer.futures.ExecutorFuture object at 0x0000020725C53DF0>
2023-04-23 22:58:57,252:DEBUG:Event request-created.s3.CreateMultipartUpload: calling handler <bound method RequestSigner.handler of <botocore.signers.RequestSigner object at 0x00000207257C1780>>
2023-04-23 22:58:57,254:DEBUG:Event choose-signer.s3.CreateMultipartUpload: calling handler <bound method ClientCreator._default_s3_presign_to_sigv2 of <botocore.client.ClientCreator object at 0x00000207251CB370>>
2023-04-23 22:58:57,254:DEBUG:Event choose-signer.s3.CreateMultipartUpload: calling handler <function set_operation_specific_signer at 0x0000020723B8FA30>
2023-04-23 22:58:57,255:DEBUG:Event before-sign.s3.CreateMultipartUpload: calling handler <function remove_arn_from_signing_path at 0x0000020723BB5C60>
2023-04-23 22:58:57,258:DEBUG:Calculating signature using v4 auth.
2023-04-23 22:58:57,258:DEBUG:CanonicalRequest:
POST
/SteelEye_assignment.csv
uploads=
host:brajeshwar12018241.s3.ap-southeast-2.amazonaws.com
x-amz-content-sha256:e3b0c44298fc1c149afbf4c8996fb92427ae41e4649b934ca495991b7852b855
x-amz-date:20230423T172857Z

host;x-amz-content-sha256;x-amz-date
e3b0c44298fc1c149afbf4c8996fb92427ae41e4649b934ca495991b7852b855
2023-04-23 22:58:57,258:DEBUG:StringToSign:
AWS4-HMAC-SHA256
20230423T172857Z
20230423/ap-southeast-2/s3/aws4_request
b332076c15fca74f47d8aafd7d6850f078a8088020eb50a650d30b4c790f6138
2023-04-23 22:58:57,259:DEBUG:Signature:
356ee119cb0865e1c331a3a54caa6e951098b599b43a2d1cb3a31f292d24ccdb
2023-04-23 22:58:57,260:DEBUG:Event request-created.s3.CreateMultipartUpload: calling handler <function signal_transferring at 0x0000020725B53640>
2023-04-23 22:58:57,260:DEBUG:Event request-created.s3.CreateMultipartUpload: calling handler <function add_retry_headers at 0x0000020723BB5AB0>
2023-04-23 22:58:57,261:DEBUG:Sending http request: <AWSPreparedRequest stream_output=False, method=POST, url=https://brajeshwar12018241.s3.ap-southeast-2.amazonaws.com/SteelEye_assignment.csv?uploads, headers={'User-Agent': b'Boto3/1.26.118 Python/3.10.6 Windows/10 Botocore/1.29.118 Resource', 'X-Amz-Date': b'20230423T172857Z', 'X-Amz-Content-SHA256': b'e3b0c44298fc1c149afbf4c8996fb92427ae41e4649b934ca495991b7852b855', 'Authorization': b'AWS4-HMAC-SHA256 Credential=AKIAQLH6MERZETYDJ5ED/20230423/ap-southeast-2/s3/aws4_request, SignedHeaders=host;x-amz-content-sha256;x-amz-date, Signature=356ee119cb0865e1c331a3a54caa6e951098b599b43a2d1cb3a31f292d24ccdb', 'amz-sdk-invocation-id': b'69573f02-bd6e-4493-81a7-502f31105dd6', 'amz-sdk-request': b'attempt=1', 'Content-Length': '0'}>
2023-04-23 22:58:57,263:DEBUG:Certificate path: C:\Users\Brajeshwar Thakur\AppData\Roaming\Python\Python310\site-packages\certifi\cacert.pem
2023-04-23 22:58:57,265:DEBUG:Starting new HTTPS connection (1): brajeshwar12018241.s3.ap-southeast-2.amazonaws.com:443
2023-04-23 22:58:58,295:DEBUG:https://brajeshwar12018241.s3.ap-southeast-2.amazonaws.com:443 "POST /SteelEye_assignment.csv?uploads HTTP/1.1" 200 None
2023-04-23 22:58:58,299:DEBUG:Response headers: {'x-amz-id-2': 'SPqLU927yiu3THgXz8rbPfOd/w5taYevuunb891TTcIsiVz81WpHOfvguKhIHbrje6aEQ3OBkCQ=', 'x-amz-request-id': '51995DPA3GPM90D5', 'Date': 'Sun, 23 Apr 2023 17:28:59 GMT', 'x-amz-server-side-encryption': 'AES256', 'Transfer-Encoding': 'chunked', 'Server': 'AmazonS3'}
2023-04-23 22:58:58,299:DEBUG:Response body:
b'<?xml version="1.0" encoding="UTF-8"?>\n<InitiateMultipartUploadResult xmlns="http://s3.amazonaws.com/doc/2006-03-01/"><Bucket>brajeshwar12018241</Bucket><Key>SteelEye_assignment.csv</Key><UploadId>fe84YHUoSqvPfcHWVBsr6WN2hbXwqtIdgm3rJn73aPdkNM2MUa6a_pLuoiawwMTPpBS7FO4MW.QzbL6h0elBayJVyqT0u5BKmMAgHnQU8qA-</UploadId></InitiateMultipartUploadResult>'
2023-04-23 22:58:58,302:DEBUG:Event needs-retry.s3.CreateMultipartUpload: calling handler <botocore.retryhandler.RetryHandler object at 0x0000020725C2C220>
2023-04-23 22:58:58,302:DEBUG:No retry needed.
2023-04-23 22:58:58,303:DEBUG:Event needs-retry.s3.CreateMultipartUpload: calling handler <bound method S3RegionRedirectorv2.redirect_from_error of <botocore.utils.S3RegionRedirectorv2 object at 0x0000020725C2C2E0>>
2023-04-23 22:58:58,304:DEBUG:Releasing acquire 0/None
2023-04-23 22:58:58,304:DEBUG:UploadPartTask(transfer_id=0, {'bucket': 'brajeshwar12018241', 'key': 'SteelEye_assignment.csv', 'part_number': 1, 'extra_args': {}}) done waiting for dependent futures
2023-04-23 22:58:58,305:DEBUG:UploadPartTask(transfer_id=0, {'bucket': 'brajeshwar12018241', 'key': 'SteelEye_assignment.csv', 'part_number': 2, 'extra_args': {}}) done waiting for dependent futures
2023-04-23 22:58:58,305:DEBUG:CompleteMultipartUploadTask(transfer_id=0, {'bucket': 'brajeshwar12018241', 'key': 'SteelEye_assignment.csv', 'extra_args': {}}) about to wait for <s3transfer.futures.ExecutorFuture object at 0x0000020725C745E0>
2023-04-23 22:58:58,306:DEBUG:Executing task UploadPartTask(transfer_id=0, {'bucket': 'brajeshwar12018241', 'key': 'SteelEye_assignment.csv', 'part_number': 1, 'extra_args': {}}) with kwargs {'client': <botocore.client.S3 object at 0x00000207257C1B70>, 'fileobj': <s3transfer.utils.ReadFileChunk object at 0x0000020725C740A0>, 'bucket': 'brajeshwar12018241', 'key': 'SteelEye_assignment.csv', 'part_number': 1, 'extra_args': {}, 'upload_id': 'fe84YHUoSqvPfcHWVBsr6WN2hbXwqtIdgm3rJn73aPdkNM2MUa6a_pLuoiawwMTPpBS7FO4MW.QzbL6h0elBayJVyqT0u5BKmMAgHnQU8qA-'}
2023-04-23 22:58:58,306:DEBUG:Executing task UploadPartTask(transfer_id=0, {'bucket': 'brajeshwar12018241', 'key': 'SteelEye_assignment.csv', 'part_number': 2, 'extra_args': {}}) with kwargs {'client': <botocore.client.S3 object at 0x00000207257C1B70>, 'fileobj': <s3transfer.utils.ReadFileChunk object at 0x0000020725C74DF0>, 'bucket': 'brajeshwar12018241', 'key': 'SteelEye_assignment.csv', 'part_number': 2, 'extra_args': {}, 'upload_id': 'fe84YHUoSqvPfcHWVBsr6WN2hbXwqtIdgm3rJn73aPdkNM2MUa6a_pLuoiawwMTPpBS7FO4MW.QzbL6h0elBayJVyqT0u5BKmMAgHnQU8qA-'}
2023-04-23 22:58:58,308:DEBUG:Event before-endpoint-resolution.s3: calling handler <function customize_endpoint_resolver_builtins at 0x0000020723BB5CF0>
2023-04-23 22:58:58,308:DEBUG:Event before-endpoint-resolution.s3: calling handler <function customize_endpoint_resolver_builtins at 0x0000020723BB5CF0>
2023-04-23 22:58:58,309:DEBUG:Event before-endpoint-resolution.s3: calling handler <bound method S3RegionRedirectorv2.redirect_from_cache of <botocore.utils.S3RegionRedirectorv2 object at 0x0000020725C2C2E0>>
2023-04-23 22:58:58,309:DEBUG:Event before-endpoint-resolution.s3: calling handler <bound method S3RegionRedirectorv2.redirect_from_cache of <botocore.utils.S3RegionRedirectorv2 object at 0x0000020725C2C2E0>>
2023-04-23 22:58:58,310:DEBUG:Calling endpoint provider with parameters: {'Bucket': 'brajeshwar12018241', 'Region': 'ap-southeast-2', 'UseFIPS': False, 'UseDualStack': False, 'ForcePathStyle': False, 'Accelerate': False, 'UseGlobalEndpoint': False, 'DisableMultiRegionAccessPoints': False, 'UseArnRegion': True}
2023-04-23 22:58:58,311:DEBUG:Calling endpoint provider with parameters: {'Bucket': 'brajeshwar12018241', 'Region': 'ap-southeast-2', 'UseFIPS': False, 'UseDualStack': False, 'ForcePathStyle': False, 'Accelerate': False, 'UseGlobalEndpoint': False, 'DisableMultiRegionAccessPoints': False, 'UseArnRegion': True}
2023-04-23 22:58:58,312:DEBUG:Endpoint provider result: https://brajeshwar12018241.s3.ap-southeast-2.amazonaws.com
2023-04-23 22:58:58,312:DEBUG:Endpoint provider result: https://brajeshwar12018241.s3.ap-southeast-2.amazonaws.com
2023-04-23 22:58:58,313:DEBUG:Selecting from endpoint provider's list of auth schemes: "sigv4". User selected auth scheme is: "None"
2023-04-23 22:58:58,313:DEBUG:Selecting from endpoint provider's list of auth schemes: "sigv4". User selected auth scheme is: "None"
2023-04-23 22:58:58,313:DEBUG:Selected auth type "v4" as "v4" with signing context params: {'region': 'ap-southeast-2', 'signing_name': 's3', 'disableDoubleEncoding': True}
2023-04-23 22:58:58,314:DEBUG:Selected auth type "v4" as "v4" with signing context params: {'region': 'ap-southeast-2', 'signing_name': 's3', 'disableDoubleEncoding': True}
2023-04-23 22:58:58,315:DEBUG:Event before-parameter-build.s3.UploadPart: calling handler <function sse_md5 at 0x0000020723B8FD90>
2023-04-23 22:58:58,315:DEBUG:Event before-parameter-build.s3.UploadPart: calling handler <function sse_md5 at 0x0000020723B8FD90>
2023-04-23 22:58:58,316:DEBUG:Event before-parameter-build.s3.UploadPart: calling handler <function convert_body_to_file_like_object at 0x0000020723BB52D0>
2023-04-23 22:58:58,316:DEBUG:Event before-parameter-build.s3.UploadPart: calling handler <function convert_body_to_file_like_object at 0x0000020723BB52D0>
2023-04-23 22:58:58,317:DEBUG:Event before-parameter-build.s3.UploadPart: calling handler <function validate_bucket_name at 0x0000020723B8FD00>
2023-04-23 22:58:58,317:DEBUG:Event before-parameter-build.s3.UploadPart: calling handler <function validate_bucket_name at 0x0000020723B8FD00>
2023-04-23 22:58:58,318:DEBUG:Event before-parameter-build.s3.UploadPart: calling handler <function remove_bucket_from_url_paths_from_model at 0x0000020723BB5B40>
2023-04-23 22:58:58,318:DEBUG:Event before-parameter-build.s3.UploadPart: calling handler <function remove_bucket_from_url_paths_from_model at 0x0000020723BB5B40>
2023-04-23 22:58:58,318:DEBUG:Event before-parameter-build.s3.UploadPart: calling handler <bound method S3RegionRedirectorv2.annotate_request_context of <botocore.utils.S3RegionRedirectorv2 object at 0x0000020725C2C2E0>>
2023-04-23 22:58:58,319:DEBUG:Event before-parameter-build.s3.UploadPart: calling handler <bound method S3RegionRedirectorv2.annotate_request_context of <botocore.utils.S3RegionRedirectorv2 object at 0x0000020725C2C2E0>>
2023-04-23 22:58:58,319:DEBUG:Event before-parameter-build.s3.UploadPart: calling handler <function generate_idempotent_uuid at 0x0000020723B8FB50>
2023-04-23 22:58:58,320:DEBUG:Event before-parameter-build.s3.UploadPart: calling handler <function generate_idempotent_uuid at 0x0000020723B8FB50>
2023-04-23 22:58:58,321:DEBUG:Event before-call.s3.UploadPart: calling handler <function conditionally_calculate_md5 at 0x00000207239BFA30>
2023-04-23 22:58:58,322:DEBUG:Event before-call.s3.UploadPart: calling handler <function conditionally_calculate_md5 at 0x00000207239BFA30>
2023-04-23 22:58:58,341:DEBUG:Event before-call.s3.UploadPart: calling handler <function add_expect_header at 0x0000020723BB40D0>
2023-04-23 22:58:58,341:DEBUG:Adding expect 100 continue header to request.
2023-04-23 22:58:58,341:DEBUG:Event before-call.s3.UploadPart: calling handler <function add_recursion_detection_header at 0x0000020723B8F7F0>
2023-04-23 22:58:58,342:DEBUG:Event before-call.s3.UploadPart: calling handler <function inject_api_version_header_if_needed at 0x0000020723BB53F0>
2023-04-23 22:58:58,342:DEBUG:Making request for OperationModel(name=UploadPart) with params: {'url_path': '/SteelEye_assignment.csv', 'query_string': {'uploadId': 'fe84YHUoSqvPfcHWVBsr6WN2hbXwqtIdgm3rJn73aPdkNM2MUa6a_pLuoiawwMTPpBS7FO4MW.QzbL6h0elBayJVyqT0u5BKmMAgHnQU8qA-', 'partNumber': 2}, 'method': 'PUT', 'headers': {'User-Agent': 'Boto3/1.26.118 Python/3.10.6 Windows/10 Botocore/1.29.118 Resource', 'Content-MD5': '7NctqdCLHiw/KJRtrfqUng==', 'Expect': '100-continue'}, 'body': <s3transfer.utils.ReadFileChunk object at 0x0000020725C74DF0>, 'auth_path': '/brajeshwar12018241/SteelEye_assignment.csv', 'url': 'https://brajeshwar12018241.s3.ap-southeast-2.amazonaws.com/SteelEye_assignment.csv?uploadId=fe84YHUoSqvPfcHWVBsr6WN2hbXwqtIdgm3rJn73aPdkNM2MUa6a_pLuoiawwMTPpBS7FO4MW.QzbL6h0elBayJVyqT0u5BKmMAgHnQU8qA-&partNumber=2', 'context': {'client_region': 'ap-southeast-2', 'client_config': <botocore.config.Config object at 0x0000020725BB1C60>, 'has_streaming_input': True, 'auth_type': 'v4', 'signing': {'region': 'ap-southeast-2', 'signing_name': 's3', 'disableDoubleEncoding': True}, 's3_redirect': {'redirected': False, 'bucket': 'brajeshwar12018241', 'params': {'Bucket': 'brajeshwar12018241', 'Key': 'SteelEye_assignment.csv', 'UploadId': 'fe84YHUoSqvPfcHWVBsr6WN2hbXwqtIdgm3rJn73aPdkNM2MUa6a_pLuoiawwMTPpBS7FO4MW.QzbL6h0elBayJVyqT0u5BKmMAgHnQU8qA-', 'PartNumber': 2, 'Body': <s3transfer.utils.ReadFileChunk object at 0x0000020725C74DF0>}}}}
2023-04-23 22:58:58,344:DEBUG:Event request-created.s3.UploadPart: calling handler <function signal_not_transferring at 0x0000020725B535B0>
2023-04-23 22:58:58,345:DEBUG:Event request-created.s3.UploadPart: calling handler <bound method RequestSigner.handler of <botocore.signers.RequestSigner object at 0x00000207257C1780>>
2023-04-23 22:58:58,345:DEBUG:Event choose-signer.s3.UploadPart: calling handler <bound method ClientCreator._default_s3_presign_to_sigv2 of <botocore.client.ClientCreator object at 0x00000207251CB370>>
2023-04-23 22:58:58,346:DEBUG:Event choose-signer.s3.UploadPart: calling handler <function set_operation_specific_signer at 0x0000020723B8FA30>
2023-04-23 22:58:58,346:DEBUG:Event before-sign.s3.UploadPart: calling handler <function remove_arn_from_signing_path at 0x0000020723BB5C60>
2023-04-23 22:58:58,347:DEBUG:Calculating signature using v4 auth.
2023-04-23 22:58:58,347:DEBUG:CanonicalRequest:
PUT
/SteelEye_assignment.csv
partNumber=2&uploadId=fe84YHUoSqvPfcHWVBsr6WN2hbXwqtIdgm3rJn73aPdkNM2MUa6a_pLuoiawwMTPpBS7FO4MW.QzbL6h0elBayJVyqT0u5BKmMAgHnQU8qA-
content-md5:7NctqdCLHiw/KJRtrfqUng==
host:brajeshwar12018241.s3.ap-southeast-2.amazonaws.com
x-amz-content-sha256:UNSIGNED-PAYLOAD
x-amz-date:20230423T172858Z

content-md5;host;x-amz-content-sha256;x-amz-date
UNSIGNED-PAYLOAD
2023-04-23 22:58:58,348:DEBUG:StringToSign:
AWS4-HMAC-SHA256
20230423T172858Z
20230423/ap-southeast-2/s3/aws4_request
71d465e5899e9efe9e5dfa35954d752ddb361ff30f3fbf154fcf0355115b2cac
2023-04-23 22:58:58,349:DEBUG:Signature:
cc060345e80e34417f3f55d6652ca53eab2f5633382499af87b561f468e4c348
2023-04-23 22:58:58,349:DEBUG:Event request-created.s3.UploadPart: calling handler <function signal_transferring at 0x0000020725B53640>
2023-04-23 22:58:58,350:DEBUG:Event request-created.s3.UploadPart: calling handler <function add_retry_headers at 0x0000020723BB5AB0>
2023-04-23 22:58:58,351:DEBUG:Sending http request: <AWSPreparedRequest stream_output=False, method=PUT, url=https://brajeshwar12018241.s3.ap-southeast-2.amazonaws.com/SteelEye_assignment.csv?uploadId=fe84YHUoSqvPfcHWVBsr6WN2hbXwqtIdgm3rJn73aPdkNM2MUa6a_pLuoiawwMTPpBS7FO4MW.QzbL6h0elBayJVyqT0u5BKmMAgHnQU8qA-&partNumber=2, headers={'User-Agent': b'Boto3/1.26.118 Python/3.10.6 Windows/10 Botocore/1.29.118 Resource', 'Content-MD5': b'7NctqdCLHiw/KJRtrfqUng==', 'Expect': b'100-continue', 'X-Amz-Date': b'20230423T172858Z', 'X-Amz-Content-SHA256': b'UNSIGNED-PAYLOAD', 'Authorization': b'AWS4-HMAC-SHA256 Credential=AKIAQLH6MERZETYDJ5ED/20230423/ap-southeast-2/s3/aws4_request, SignedHeaders=content-md5;host;x-amz-content-sha256;x-amz-date, Signature=cc060345e80e34417f3f55d6652ca53eab2f5633382499af87b561f468e4c348', 'amz-sdk-invocation-id': b'b3bedd95-31de-4aa5-80de-2f62582496f6', 'amz-sdk-request': b'attempt=1', 'Content-Length': '553669'}>
2023-04-23 22:58:58,353:DEBUG:Certificate path: C:\Users\Brajeshwar Thakur\AppData\Roaming\Python\Python310\site-packages\certifi\cacert.pem
2023-04-23 22:58:58,356:DEBUG:Waiting for 100 Continue response.
2023-04-23 22:58:58,377:DEBUG:Event before-call.s3.UploadPart: calling handler <function add_expect_header at 0x0000020723BB40D0>
2023-04-23 22:58:58,377:DEBUG:Adding expect 100 continue header to request.
2023-04-23 22:58:58,378:DEBUG:Event before-call.s3.UploadPart: calling handler <function add_recursion_detection_header at 0x0000020723B8F7F0>
2023-04-23 22:58:58,378:DEBUG:Event before-call.s3.UploadPart: calling handler <function inject_api_version_header_if_needed at 0x0000020723BB53F0>
2023-04-23 22:58:58,378:DEBUG:Making request for OperationModel(name=UploadPart) with params: {'url_path': '/SteelEye_assignment.csv', 'query_string': {'uploadId': 'fe84YHUoSqvPfcHWVBsr6WN2hbXwqtIdgm3rJn73aPdkNM2MUa6a_pLuoiawwMTPpBS7FO4MW.QzbL6h0elBayJVyqT0u5BKmMAgHnQU8qA-', 'partNumber': 1}, 'method': 'PUT', 'headers': {'User-Agent': 'Boto3/1.26.118 Python/3.10.6 Windows/10 Botocore/1.29.118 Resource', 'Content-MD5': 'biIf9hWcmcGloBfrAJIC2w==', 'Expect': '100-continue'}, 'body': <s3transfer.utils.ReadFileChunk object at 0x0000020725C740A0>, 'auth_path': '/brajeshwar12018241/SteelEye_assignment.csv', 'url': 'https://brajeshwar12018241.s3.ap-southeast-2.amazonaws.com/SteelEye_assignment.csv?uploadId=fe84YHUoSqvPfcHWVBsr6WN2hbXwqtIdgm3rJn73aPdkNM2MUa6a_pLuoiawwMTPpBS7FO4MW.QzbL6h0elBayJVyqT0u5BKmMAgHnQU8qA-&partNumber=1', 'context': {'client_region': 'ap-southeast-2', 'client_config': <botocore.config.Config object at 0x0000020725BB1C60>, 'has_streaming_input': True, 'auth_type': 'v4', 'signing': {'region': 'ap-southeast-2', 'signing_name': 's3', 'disableDoubleEncoding': True}, 's3_redirect': {'redirected': False, 'bucket': 'brajeshwar12018241', 'params': {'Bucket': 'brajeshwar12018241', 'Key': 'SteelEye_assignment.csv', 'UploadId': 'fe84YHUoSqvPfcHWVBsr6WN2hbXwqtIdgm3rJn73aPdkNM2MUa6a_pLuoiawwMTPpBS7FO4MW.QzbL6h0elBayJVyqT0u5BKmMAgHnQU8qA-', 'PartNumber': 1, 'Body': <s3transfer.utils.ReadFileChunk object at 0x0000020725C740A0>}}}}
2023-04-23 22:58:58,379:DEBUG:Event request-created.s3.UploadPart: calling handler <function signal_not_transferring at 0x0000020725B535B0>
2023-04-23 22:58:58,379:DEBUG:Event request-created.s3.UploadPart: calling handler <bound method RequestSigner.handler of <botocore.signers.RequestSigner object at 0x00000207257C1780>>
2023-04-23 22:58:58,379:DEBUG:Event choose-signer.s3.UploadPart: calling handler <bound method ClientCreator._default_s3_presign_to_sigv2 of <botocore.client.ClientCreator object at 0x00000207251CB370>>
2023-04-23 22:58:58,380:DEBUG:Event choose-signer.s3.UploadPart: calling handler <function set_operation_specific_signer at 0x0000020723B8FA30>
2023-04-23 22:58:58,380:DEBUG:Event before-sign.s3.UploadPart: calling handler <function remove_arn_from_signing_path at 0x0000020723BB5C60>
2023-04-23 22:58:58,381:DEBUG:Calculating signature using v4 auth.
2023-04-23 22:58:58,381:DEBUG:CanonicalRequest:
PUT
/SteelEye_assignment.csv
partNumber=1&uploadId=fe84YHUoSqvPfcHWVBsr6WN2hbXwqtIdgm3rJn73aPdkNM2MUa6a_pLuoiawwMTPpBS7FO4MW.QzbL6h0elBayJVyqT0u5BKmMAgHnQU8qA-
content-md5:biIf9hWcmcGloBfrAJIC2w==
host:brajeshwar12018241.s3.ap-southeast-2.amazonaws.com
x-amz-content-sha256:UNSIGNED-PAYLOAD
x-amz-date:20230423T172858Z

content-md5;host;x-amz-content-sha256;x-amz-date
UNSIGNED-PAYLOAD
2023-04-23 22:58:58,381:DEBUG:StringToSign:
AWS4-HMAC-SHA256
20230423T172858Z
20230423/ap-southeast-2/s3/aws4_request
7935bb8dc8056f276f5bfcb00ac1f2ae83b2afd75581069a2cdde79c378286d7
2023-04-23 22:58:58,382:DEBUG:Signature:
bf44941b6cf2a505742e9cb9235c57e974de12d5fe5dc9212e1bcdbbbf98a9e0
2023-04-23 22:58:58,382:DEBUG:Event request-created.s3.UploadPart: calling handler <function signal_transferring at 0x0000020725B53640>
2023-04-23 22:58:58,383:DEBUG:Event request-created.s3.UploadPart: calling handler <function add_retry_headers at 0x0000020723BB5AB0>
2023-04-23 22:58:58,383:DEBUG:Sending http request: <AWSPreparedRequest stream_output=False, method=PUT, url=https://brajeshwar12018241.s3.ap-southeast-2.amazonaws.com/SteelEye_assignment.csv?uploadId=fe84YHUoSqvPfcHWVBsr6WN2hbXwqtIdgm3rJn73aPdkNM2MUa6a_pLuoiawwMTPpBS7FO4MW.QzbL6h0elBayJVyqT0u5BKmMAgHnQU8qA-&partNumber=1, headers={'User-Agent': b'Boto3/1.26.118 Python/3.10.6 Windows/10 Botocore/1.29.118 Resource', 'Content-MD5': b'biIf9hWcmcGloBfrAJIC2w==', 'Expect': b'100-continue', 'X-Amz-Date': b'20230423T172858Z', 'X-Amz-Content-SHA256': b'UNSIGNED-PAYLOAD', 'Authorization': b'AWS4-HMAC-SHA256 Credential=AKIAQLH6MERZETYDJ5ED/20230423/ap-southeast-2/s3/aws4_request, SignedHeaders=content-md5;host;x-amz-content-sha256;x-amz-date, Signature=bf44941b6cf2a505742e9cb9235c57e974de12d5fe5dc9212e1bcdbbbf98a9e0', 'amz-sdk-invocation-id': b'2a05e351-85d0-41d0-9df2-5a36ad72aa42', 'amz-sdk-request': b'attempt=1', 'Content-Length': '8388608'}>
2023-04-23 22:58:58,385:DEBUG:Certificate path: C:\Users\Brajeshwar Thakur\AppData\Roaming\Python\Python310\site-packages\certifi\cacert.pem
2023-04-23 22:58:58,386:DEBUG:Starting new HTTPS connection (2): brajeshwar12018241.s3.ap-southeast-2.amazonaws.com:443
2023-04-23 22:58:58,582:DEBUG:100 Continue response seen, now sending request body.
2023-04-23 22:58:59,110:DEBUG:Waiting for 100 Continue response.
2023-04-23 22:58:59,334:DEBUG:100 Continue response seen, now sending request body.
2023-04-23 22:59:01,092:DEBUG:https://brajeshwar12018241.s3.ap-southeast-2.amazonaws.com:443 "PUT /SteelEye_assignment.csv?uploadId=fe84YHUoSqvPfcHWVBsr6WN2hbXwqtIdgm3rJn73aPdkNM2MUa6a_pLuoiawwMTPpBS7FO4MW.QzbL6h0elBayJVyqT0u5BKmMAgHnQU8qA-&partNumber=2 HTTP/1.1" 200 0
2023-04-23 22:59:01,092:DEBUG:Response headers: {'x-amz-id-2': 'wNwaqWC2cbeKOyY4lXGyueJejrCM/wGpyPhmquofrir6UgsLZuCLlRCvyoq5x9pbMixTf9lBH80=', 'x-amz-request-id': '5198MNHTG52JF9VE', 'Date': 'Sun, 23 Apr 2023 17:28:59 GMT', 'ETag': '"ecd72da9d08b1e2c3f28946dadfa949e"', 'x-amz-server-side-encryption': 'AES256', 'Server': 'AmazonS3', 'Content-Length': '0'}
2023-04-23 22:59:01,092:DEBUG:Response body:
b''
2023-04-23 22:59:01,093:DEBUG:Event needs-retry.s3.UploadPart: calling handler <botocore.retryhandler.RetryHandler object at 0x0000020725C2C220>
2023-04-23 22:59:01,093:DEBUG:No retry needed.
2023-04-23 22:59:01,094:DEBUG:Event needs-retry.s3.UploadPart: calling handler <bound method S3RegionRedirectorv2.redirect_from_error of <botocore.utils.S3RegionRedirectorv2 object at 0x0000020725C2C2E0>>
2023-04-23 22:59:01,094:DEBUG:Releasing acquire 0/None
2023-04-23 22:59:29,596:DEBUG:https://brajeshwar12018241.s3.ap-southeast-2.amazonaws.com:443 "PUT /SteelEye_assignment.csv?uploadId=fe84YHUoSqvPfcHWVBsr6WN2hbXwqtIdgm3rJn73aPdkNM2MUa6a_pLuoiawwMTPpBS7FO4MW.QzbL6h0elBayJVyqT0u5BKmMAgHnQU8qA-&partNumber=1 HTTP/1.1" 200 0
2023-04-23 22:59:29,597:DEBUG:Response headers: {'x-amz-id-2': 'JzIxLn6pFIrOkfZ334RZdfpd4XcofSFBztOEAPTzQu2TVBuB19BDkbmHlOYu59SeCzvNlA9PRW4=', 'x-amz-request-id': '757FBC9NNXYTNSAY', 'Date': 'Sun, 23 Apr 2023 17:29:00 GMT', 'ETag': '"6e221ff6159c99c1a5a017eb009202db"', 'x-amz-server-side-encryption': 'AES256', 'Server': 'AmazonS3', 'Content-Length': '0'}
2023-04-23 22:59:29,597:DEBUG:Response body:
b''
2023-04-23 22:59:29,598:DEBUG:Event needs-retry.s3.UploadPart: calling handler <botocore.retryhandler.RetryHandler object at 0x0000020725C2C220>
2023-04-23 22:59:29,598:DEBUG:No retry needed.
2023-04-23 22:59:29,598:DEBUG:Event needs-retry.s3.UploadPart: calling handler <bound method S3RegionRedirectorv2.redirect_from_error of <botocore.utils.S3RegionRedirectorv2 object at 0x0000020725C2C2E0>>
2023-04-23 22:59:29,599:DEBUG:Releasing acquire 0/None
2023-04-23 22:59:29,599:DEBUG:CompleteMultipartUploadTask(transfer_id=0, {'bucket': 'brajeshwar12018241', 'key': 'SteelEye_assignment.csv', 'extra_args': {}}) about to wait for <s3transfer.futures.ExecutorFuture object at 0x0000020725C754B0>
2023-04-23 22:59:29,599:DEBUG:CompleteMultipartUploadTask(transfer_id=0, {'bucket': 'brajeshwar12018241', 'key': 'SteelEye_assignment.csv', 'extra_args': {}}) done waiting for dependent futures
2023-04-23 22:59:29,600:DEBUG:Executing task CompleteMultipartUploadTask(transfer_id=0, {'bucket': 'brajeshwar12018241', 'key': 'SteelEye_assignment.csv', 'extra_args': {}}) with kwargs {'client': <botocore.client.S3 object at 0x00000207257C1B70>, 'bucket': 'brajeshwar12018241', 'key': 'SteelEye_assignment.csv', 'extra_args': {}, 'upload_id': 'fe84YHUoSqvPfcHWVBsr6WN2hbXwqtIdgm3rJn73aPdkNM2MUa6a_pLuoiawwMTPpBS7FO4MW.QzbL6h0elBayJVyqT0u5BKmMAgHnQU8qA-', 'parts': [{'ETag': '"6e221ff6159c99c1a5a017eb009202db"', 'PartNumber': 1}, {'ETag': '"ecd72da9d08b1e2c3f28946dadfa949e"', 'PartNumber': 2}]}
2023-04-23 22:59:29,601:DEBUG:Event before-endpoint-resolution.s3: calling handler <function customize_endpoint_resolver_builtins at 0x0000020723BB5CF0>
2023-04-23 22:59:29,601:DEBUG:Event before-endpoint-resolution.s3: calling handler <bound method S3RegionRedirectorv2.redirect_from_cache of <botocore.utils.S3RegionRedirectorv2 object at 0x0000020725C2C2E0>>
2023-04-23 22:59:29,602:DEBUG:Calling endpoint provider with parameters: {'Bucket': 'brajeshwar12018241', 'Region': 'ap-southeast-2', 'UseFIPS': False, 'UseDualStack': False, 'ForcePathStyle': False, 'Accelerate': False, 'UseGlobalEndpoint': False, 'DisableMultiRegionAccessPoints': False, 'UseArnRegion': True}
2023-04-23 22:59:29,602:DEBUG:Endpoint provider result: https://brajeshwar12018241.s3.ap-southeast-2.amazonaws.com
2023-04-23 22:59:29,602:DEBUG:Selecting from endpoint provider's list of auth schemes: "sigv4". User selected auth scheme is: "None"
2023-04-23 22:59:29,602:DEBUG:Selected auth type "v4" as "v4" with signing context params: {'region': 'ap-southeast-2', 'signing_name': 's3', 'disableDoubleEncoding': True}
2023-04-23 22:59:29,603:DEBUG:Event before-parameter-build.s3.CompleteMultipartUpload: calling handler <function validate_bucket_name at 0x0000020723B8FD00>
2023-04-23 22:59:29,603:DEBUG:Event before-parameter-build.s3.CompleteMultipartUpload: calling handler <function remove_bucket_from_url_paths_from_model at 0x0000020723BB5B40>
2023-04-23 22:59:29,603:DEBUG:Event before-parameter-build.s3.CompleteMultipartUpload: calling handler <bound method S3RegionRedirectorv2.annotate_request_context of <botocore.utils.S3RegionRedirectorv2 object at 0x0000020725C2C2E0>>
2023-04-23 22:59:29,604:DEBUG:Event before-parameter-build.s3.CompleteMultipartUpload: calling handler <function generate_idempotent_uuid at 0x0000020723B8FB50>
2023-04-23 22:59:29,606:DEBUG:Event before-call.s3.CompleteMultipartUpload: calling handler <function add_expect_header at 0x0000020723BB40D0>
2023-04-23 22:59:29,607:DEBUG:Event before-call.s3.CompleteMultipartUpload: calling handler <function add_recursion_detection_header at 0x0000020723B8F7F0>
2023-04-23 22:59:29,607:DEBUG:Event before-call.s3.CompleteMultipartUpload: calling handler <function inject_api_version_header_if_needed at 0x0000020723BB53F0>
2023-04-23 22:59:29,607:DEBUG:Making request for OperationModel(name=CompleteMultipartUpload) with params: {'url_path': '/SteelEye_assignment.csv', 'query_string': {'uploadId': 'fe84YHUoSqvPfcHWVBsr6WN2hbXwqtIdgm3rJn73aPdkNM2MUa6a_pLuoiawwMTPpBS7FO4MW.QzbL6h0elBayJVyqT0u5BKmMAgHnQU8qA-'}, 'method': 'POST', 'headers': {'User-Agent': 'Boto3/1.26.118 Python/3.10.6 Windows/10 Botocore/1.29.118 Resource'}, 'body': b'<CompleteMultipartUpload xmlns="http://s3.amazonaws.com/doc/2006-03-01/"><Part><ETag>"6e221ff6159c99c1a5a017eb009202db"</ETag><PartNumber>1</PartNumber></Part><Part><ETag>"ecd72da9d08b1e2c3f28946dadfa949e"</ETag><PartNumber>2</PartNumber></Part></CompleteMultipartUpload>', 'auth_path': '/brajeshwar12018241/SteelEye_assignment.csv', 'url': 'https://brajeshwar12018241.s3.ap-southeast-2.amazonaws.com/SteelEye_assignment.csv?uploadId=fe84YHUoSqvPfcHWVBsr6WN2hbXwqtIdgm3rJn73aPdkNM2MUa6a_pLuoiawwMTPpBS7FO4MW.QzbL6h0elBayJVyqT0u5BKmMAgHnQU8qA-', 'context': {'client_region': 'ap-southeast-2', 'client_config': <botocore.config.Config object at 0x0000020725BB1C60>, 'has_streaming_input': False, 'auth_type': 'v4', 'signing': {'region': 'ap-southeast-2', 'signing_name': 's3', 'disableDoubleEncoding': True}, 's3_redirect': {'redirected': False, 'bucket': 'brajeshwar12018241', 'params': {'Bucket': 'brajeshwar12018241', 'Key': 'SteelEye_assignment.csv', 'UploadId': 'fe84YHUoSqvPfcHWVBsr6WN2hbXwqtIdgm3rJn73aPdkNM2MUa6a_pLuoiawwMTPpBS7FO4MW.QzbL6h0elBayJVyqT0u5BKmMAgHnQU8qA-', 'MultipartUpload': {'Parts': [{'ETag': '"6e221ff6159c99c1a5a017eb009202db"', 'PartNumber': 1}, {'ETag': '"ecd72da9d08b1e2c3f28946dadfa949e"', 'PartNumber': 2}]}}}}}
2023-04-23 22:59:29,609:DEBUG:Event request-created.s3.CompleteMultipartUpload: calling handler <function signal_not_transferring at 0x0000020725B535B0>
2023-04-23 22:59:29,609:DEBUG:Event request-created.s3.CompleteMultipartUpload: calling handler <bound method RequestSigner.handler of <botocore.signers.RequestSigner object at 0x00000207257C1780>>
2023-04-23 22:59:29,609:DEBUG:Event choose-signer.s3.CompleteMultipartUpload: calling handler <bound method ClientCreator._default_s3_presign_to_sigv2 of <botocore.client.ClientCreator object at 0x00000207251CB370>>
2023-04-23 22:59:29,610:DEBUG:Event choose-signer.s3.CompleteMultipartUpload: calling handler <function set_operation_specific_signer at 0x0000020723B8FA30>
2023-04-23 22:59:29,610:DEBUG:Event before-sign.s3.CompleteMultipartUpload: calling handler <function remove_arn_from_signing_path at 0x0000020723BB5C60>
2023-04-23 22:59:29,611:DEBUG:Calculating signature using v4 auth.
2023-04-23 22:59:29,612:DEBUG:CanonicalRequest:
POST
/SteelEye_assignment.csv
uploadId=fe84YHUoSqvPfcHWVBsr6WN2hbXwqtIdgm3rJn73aPdkNM2MUa6a_pLuoiawwMTPpBS7FO4MW.QzbL6h0elBayJVyqT0u5BKmMAgHnQU8qA-
host:brajeshwar12018241.s3.ap-southeast-2.amazonaws.com
x-amz-content-sha256:fd72da933920828b7d6f03840e2c612fd46e20a39039fa97ea8cfd54545a3987
x-amz-date:20230423T172929Z

host;x-amz-content-sha256;x-amz-date
fd72da933920828b7d6f03840e2c612fd46e20a39039fa97ea8cfd54545a3987
2023-04-23 22:59:29,612:DEBUG:StringToSign:
AWS4-HMAC-SHA256
20230423T172929Z
20230423/ap-southeast-2/s3/aws4_request
9000882443351e52e7bbe859555c83c516f5e51cff715a5e50eed3ed52dd9504
2023-04-23 22:59:29,612:DEBUG:Signature:
d42525b2e73805287c45de85667341f21837ff3612069531979078bdc3ae2b08
2023-04-23 22:59:29,613:DEBUG:Event request-created.s3.CompleteMultipartUpload: calling handler <function signal_transferring at 0x0000020725B53640>
2023-04-23 22:59:29,613:DEBUG:Event request-created.s3.CompleteMultipartUpload: calling handler <function add_retry_headers at 0x0000020723BB5AB0>
2023-04-23 22:59:29,614:DEBUG:Sending http request: <AWSPreparedRequest stream_output=False, method=POST, url=https://brajeshwar12018241.s3.ap-southeast-2.amazonaws.com/SteelEye_assignment.csv?uploadId=fe84YHUoSqvPfcHWVBsr6WN2hbXwqtIdgm3rJn73aPdkNM2MUa6a_pLuoiawwMTPpBS7FO4MW.QzbL6h0elBayJVyqT0u5BKmMAgHnQU8qA-, headers={'User-Agent': b'Boto3/1.26.118 Python/3.10.6 Windows/10 Botocore/1.29.118 Resource', 'X-Amz-Date': b'20230423T172929Z', 'X-Amz-Content-SHA256': b'fd72da933920828b7d6f03840e2c612fd46e20a39039fa97ea8cfd54545a3987', 'Authorization': b'AWS4-HMAC-SHA256 Credential=AKIAQLH6MERZETYDJ5ED/20230423/ap-southeast-2/s3/aws4_request, SignedHeaders=host;x-amz-content-sha256;x-amz-date, Signature=d42525b2e73805287c45de85667341f21837ff3612069531979078bdc3ae2b08', 'amz-sdk-invocation-id': b'e6d35cb6-6a67-4196-ac12-4ab1316fc71a', 'amz-sdk-request': b'attempt=1', 'Content-Length': '271'}>
2023-04-23 22:59:29,615:DEBUG:Certificate path: C:\Users\Brajeshwar Thakur\AppData\Roaming\Python\Python310\site-packages\certifi\cacert.pem
2023-04-23 22:59:29,898:DEBUG:https://brajeshwar12018241.s3.ap-southeast-2.amazonaws.com:443 "POST /SteelEye_assignment.csv?uploadId=fe84YHUoSqvPfcHWVBsr6WN2hbXwqtIdgm3rJn73aPdkNM2MUa6a_pLuoiawwMTPpBS7FO4MW.QzbL6h0elBayJVyqT0u5BKmMAgHnQU8qA- HTTP/1.1" 200 None
2023-04-23 22:59:29,939:DEBUG:Response headers: {'x-amz-id-2': 'uDpo3OuGa8TlsUzP9R6FMi+SCleXR1Y6PH0cSo131F1rRolL9xS8i+em4cE2y0/bpuSl6v7Ba4U=', 'x-amz-request-id': 'QBQZC8KEPN4QGRMK', 'Date': 'Sun, 23 Apr 2023 17:29:30 GMT', 'x-amz-server-side-encryption': 'AES256', 'Content-Type': 'application/xml', 'Transfer-Encoding': 'chunked', 'Server': 'AmazonS3'}
2023-04-23 22:59:29,940:DEBUG:Response body:
b'<?xml version="1.0" encoding="UTF-8"?>\n\n<CompleteMultipartUploadResult xmlns="http://s3.amazonaws.com/doc/2006-03-01/"><Location>https://brajeshwar12018241.s3.ap-southeast-2.amazonaws.com/SteelEye_assignment.csv</Location><Bucket>brajeshwar12018241</Bucket><Key>SteelEye_assignment.csv</Key><ETag>"5a724725b4abe5899f3ec4991557355f-2"</ETag></CompleteMultipartUploadResult>'
2023-04-23 22:59:29,942:DEBUG:Event needs-retry.s3.CompleteMultipartUpload: calling handler <function check_for_200_error at 0x0000020723B8F910>
2023-04-23 22:59:29,942:DEBUG:Event needs-retry.s3.CompleteMultipartUpload: calling handler <botocore.retryhandler.RetryHandler object at 0x0000020725C2C220>
2023-04-23 22:59:29,943:DEBUG:No retry needed.
2023-04-23 22:59:29,943:DEBUG:Event needs-retry.s3.CompleteMultipartUpload: calling handler <bound method S3RegionRedirectorv2.redirect_from_error of <botocore.utils.S3RegionRedirectorv2 object at 0x0000020725C2C2E0>>
2023-04-23 22:59:29,944:DEBUG:Releasing acquire 0/None
2023-04-23 22:59:29,948:INFO:output.csv file uploaded to S3 bucket successfully
